<?xml version="1.0" encoding="UTF-8"?>
<coverage generated="1521728102726" clover="3.2.0">
  <project timestamp="1521728102726" name="All files">
    <metrics statements="150" coveredstatements="135" conditionals="102" coveredconditionals="87" methods="32" coveredmethods="31" elements="284" coveredelements="253" complexity="0" loc="150" ncloc="150" packages="2" files="4" classes="4">
      <package name="src">
        <metrics statements="23" coveredstatements="20" conditionals="8" coveredconditionals="5" methods="5" coveredmethods="5"/>
        <file name="main.js" path="/Users/patricklai/work/rover-rover/src/main.js">
          <metrics statements="23" coveredstatements="20" conditionals="8" coveredconditionals="5" methods="5" coveredmethods="5"/>
          <line num="5" count="1" type="stmt"/>
          <line num="10" count="1" type="stmt"/>
          <line num="11" count="1" type="stmt"/>
          <line num="12" count="1" type="stmt"/>
          <line num="13" count="1" type="cond" truecount="1" falsecount="1"/>
          <line num="14" count="0" type="stmt"/>
          <line num="16" count="1" type="stmt"/>
          <line num="17" count="2" type="stmt"/>
          <line num="19" count="20" type="cond" truecount="2" falsecount="0"/>
          <line num="22" count="2" type="stmt"/>
          <line num="25" count="2" type="stmt"/>
          <line num="26" count="8" type="stmt"/>
          <line num="27" count="8" type="stmt"/>
          <line num="29" count="8" type="cond" truecount="1" falsecount="1"/>
          <line num="30" count="0" type="stmt"/>
          <line num="32" count="8" type="cond" truecount="1" falsecount="1"/>
          <line num="33" count="0" type="stmt"/>
          <line num="35" count="8" type="stmt"/>
          <line num="36" count="8" type="stmt"/>
          <line num="40" count="2" type="stmt"/>
          <line num="41" count="138" type="stmt"/>
          <line num="44" count="8" type="stmt"/>
          <line num="45" count="8" type="stmt"/>
        </file>
      </package>
      <package name="src.lib">
        <metrics statements="127" coveredstatements="115" conditionals="94" coveredconditionals="82" methods="27" coveredmethods="26"/>
        <file name="Plateau.js" path="/Users/patricklai/work/rover-rover/src/lib/Plateau.js">
          <metrics statements="70" coveredstatements="62" conditionals="38" coveredconditionals="33" methods="17" coveredmethods="16"/>
          <line num="12" count="17" type="stmt"/>
          <line num="14" count="2" type="stmt"/>
          <line num="16" count="14" type="stmt"/>
          <line num="18" count="13" type="stmt"/>
          <line num="19" count="13" type="stmt"/>
          <line num="21" count="13" type="cond" truecount="4" falsecount="0"/>
          <line num="22" count="12" type="cond" truecount="3" falsecount="1"/>
          <line num="23" count="12" type="stmt"/>
          <line num="26" count="2" type="stmt"/>
          <line num="27" count="14" type="cond" truecount="2" falsecount="0"/>
          <line num="28" count="1" type="stmt"/>
          <line num="30" count="24" type="stmt"/>
          <line num="43" count="17" type="stmt"/>
          <line num="45" count="17" type="cond" truecount="2" falsecount="0"/>
          <line num="46" count="3" type="stmt"/>
          <line num="51" count="14" type="stmt"/>
          <line num="53" count="12" type="stmt"/>
          <line num="58" count="12" type="stmt"/>
          <line num="60" count="71222" type="stmt"/>
          <line num="69" count="0" type="stmt"/>
          <line num="70" count="0" type="stmt"/>
          <line num="71" count="0" type="stmt"/>
          <line num="76" count="257" type="stmt"/>
          <line num="77" count="257" type="cond" truecount="4" falsecount="0"/>
          <line num="80" count="102" type="stmt"/>
          <line num="82" count="102" type="stmt"/>
          <line num="84" count="102" type="cond" truecount="1" falsecount="1"/>
          <line num="85" count="0" type="stmt"/>
          <line num="87" count="102" type="stmt"/>
          <line num="89" count="102" type="cond" truecount="2" falsecount="0"/>
          <line num="90" count="2" type="stmt"/>
          <line num="91" count="2" type="stmt"/>
          <line num="96" count="100" type="stmt"/>
          <line num="101" count="80" type="cond" truecount="2" falsecount="0"/>
          <line num="102" count="2" type="stmt"/>
          <line num="105" count="78" type="stmt"/>
          <line num="106" count="2403" type="stmt"/>
          <line num="107" count="232859" type="stmt"/>
          <line num="108" count="232859" type="cond" truecount="2" falsecount="0"/>
          <line num="110" count="78" type="stmt"/>
          <line num="112" count="77" type="stmt"/>
          <line num="113" count="77" type="stmt"/>
          <line num="121" count="103" type="stmt"/>
          <line num="122" count="2684" type="stmt"/>
          <line num="123" count="256657" type="cond" truecount="2" falsecount="0"/>
          <line num="124" count="103" type="stmt"/>
          <line num="127" count="0" type="stmt"/>
          <line num="131" count="75" type="stmt"/>
          <line num="133" count="75" type="cond" truecount="4" falsecount="1"/>
          <line num="135" count="14" type="stmt"/>
          <line num="136" count="14" type="stmt"/>
          <line num="138" count="32" type="stmt"/>
          <line num="139" count="32" type="stmt"/>
          <line num="141" count="14" type="stmt"/>
          <line num="142" count="14" type="stmt"/>
          <line num="144" count="15" type="stmt"/>
          <line num="145" count="15" type="stmt"/>
          <line num="147" count="0" type="stmt"/>
          <line num="150" count="75" type="cond" truecount="1" falsecount="1"/>
          <line num="151" count="0" type="stmt"/>
          <line num="152" count="0" type="stmt"/>
          <line num="156" count="75" type="stmt"/>
          <line num="164" count="24" type="stmt"/>
          <line num="165" count="24" type="cond" truecount="1" falsecount="1"/>
          <line num="168" count="24" type="stmt"/>
          <line num="171" count="23" type="stmt"/>
          <line num="174" count="23" type="stmt"/>
          <line num="178" count="151" type="stmt"/>
          <line num="179" count="150" type="cond" truecount="2" falsecount="0"/>
          <line num="182" count="75" type="stmt"/>
        </file>
        <file name="Rover.js" path="/Users/patricklai/work/rover-rover/src/lib/Rover.js">
          <metrics statements="41" coveredstatements="37" conditionals="40" coveredconditionals="33" methods="8" coveredmethods="8"/>
          <line num="23" count="35" type="stmt"/>
          <line num="24" count="35" type="cond" truecount="2" falsecount="0"/>
          <line num="25" count="2" type="stmt"/>
          <line num="26" count="33" type="cond" truecount="2" falsecount="0"/>
          <line num="27" count="19" type="stmt"/>
          <line num="30" count="33" type="stmt"/>
          <line num="31" count="99" type="stmt"/>
          <line num="32" count="99" type="cond" truecount="2" falsecount="0"/>
          <line num="35" count="33" type="cond" truecount="2" falsecount="0"/>
          <line num="38" count="33" type="cond" truecount="1" falsecount="1"/>
          <line num="39" count="0" type="stmt"/>
          <line num="47" count="305" type="cond" truecount="3" falsecount="0"/>
          <line num="52" count="30" type="cond" truecount="2" falsecount="0"/>
          <line num="53" count="1" type="stmt"/>
          <line num="54" count="29" type="stmt"/>
          <line num="59" count="3" type="stmt"/>
          <line num="64" count="112" type="stmt"/>
          <line num="65" count="112" type="cond" truecount="1" falsecount="1"/>
          <line num="66" count="112" type="cond" truecount="2" falsecount="0"/>
          <line num="67" count="112" type="stmt"/>
          <line num="68" count="112" type="stmt"/>
          <line num="73" count="4" type="cond" truecount="1" falsecount="1"/>
          <line num="74" count="0" type="stmt"/>
          <line num="75" count="4" type="cond" truecount="1" falsecount="1"/>
          <line num="76" count="4" type="stmt"/>
          <line num="80" count="160" type="cond" truecount="2" falsecount="0"/>
          <line num="81" count="1" type="stmt"/>
          <line num="82" count="159" type="cond" truecount="1" falsecount="1"/>
          <line num="83" count="159" type="cond" truecount="1" falsecount="1"/>
          <line num="84" count="0" type="stmt"/>
          <line num="87" count="159" type="stmt"/>
          <line num="90" count="159" type="stmt"/>
          <line num="93" count="159" type="cond" truecount="3" falsecount="1"/>
          <line num="96" count="37" type="stmt"/>
          <line num="98" count="37" type="stmt"/>
          <line num="101" count="46" type="stmt"/>
          <line num="103" count="46" type="stmt"/>
          <line num="106" count="76" type="stmt"/>
          <line num="108" count="0" type="stmt"/>
          <line num="112" count="159" type="cond" truecount="2" falsecount="0"/>
          <line num="114" count="159" type="stmt"/>
        </file>
        <file name="instructions.js" path="/Users/patricklai/work/rover-rover/src/lib/instructions.js">
          <metrics statements="16" coveredstatements="16" conditionals="16" coveredconditionals="16" methods="2" coveredmethods="2"/>
          <line num="6" count="4" type="stmt"/>
          <line num="7" count="4" type="stmt"/>
          <line num="10" count="4" type="stmt"/>
          <line num="11" count="59" type="cond" truecount="2" falsecount="0"/>
          <line num="13" count="56" type="stmt"/>
          <line num="14" count="56" type="stmt"/>
          <line num="15" count="56" type="stmt"/>
          <line num="16" count="56" type="cond" truecount="4" falsecount="0"/>
          <line num="17" count="53" type="cond" truecount="4" falsecount="0"/>
          <line num="18" count="49" type="cond" truecount="2" falsecount="0"/>
          <line num="19" count="48" type="stmt"/>
          <line num="23" count="4" type="stmt"/>
          <line num="24" count="55" type="cond" truecount="2" falsecount="0"/>
          <line num="25" count="34" type="stmt"/>
          <line num="26" count="362" type="cond" truecount="2" falsecount="0"/>
          <line num="27" count="29" type="stmt"/>
        </file>
      </package>
    </metrics>
  </project>
</coverage>
