<?xml version="1.0" encoding="UTF-8"?>
<coverage generated="1521727786882" clover="3.2.0">
  <project timestamp="1521727786882" name="All files">
    <metrics statements="150" coveredstatements="135" conditionals="102" coveredconditionals="87" methods="31" coveredmethods="30" elements="283" coveredelements="252" complexity="0" loc="150" ncloc="150" packages="2" files="4" classes="4">
      <package name="src">
        <metrics statements="23" coveredstatements="20" conditionals="8" coveredconditionals="5" methods="4" coveredmethods="4"/>
        <file name="main.js" path="/Users/patricklai/work/rover-rover/src/main.js">
          <metrics statements="23" coveredstatements="20" conditionals="8" coveredconditionals="5" methods="4" coveredmethods="4"/>
          <line num="5" count="1" type="stmt"/>
          <line num="10" count="1" type="stmt"/>
          <line num="11" count="1" type="stmt"/>
          <line num="12" count="1" type="stmt"/>
          <line num="13" count="1" type="cond" truecount="1" falsecount="1"/>
          <line num="14" count="0" type="stmt"/>
          <line num="16" count="1" type="stmt"/>
          <line num="17" count="1" type="stmt"/>
          <line num="19" count="6" type="cond" truecount="2" falsecount="0"/>
          <line num="22" count="1" type="stmt"/>
          <line num="25" count="1" type="stmt"/>
          <line num="26" count="2" type="stmt"/>
          <line num="27" count="2" type="stmt"/>
          <line num="29" count="2" type="cond" truecount="1" falsecount="1"/>
          <line num="30" count="0" type="stmt"/>
          <line num="32" count="2" type="cond" truecount="1" falsecount="1"/>
          <line num="33" count="0" type="stmt"/>
          <line num="35" count="2" type="stmt"/>
          <line num="36" count="2" type="stmt"/>
          <line num="40" count="1" type="stmt"/>
          <line num="41" count="19" type="stmt"/>
          <line num="44" count="2" type="stmt"/>
          <line num="45" count="1" type="stmt"/>
        </file>
      </package>
      <package name="src.lib">
        <metrics statements="127" coveredstatements="115" conditionals="94" coveredconditionals="82" methods="27" coveredmethods="26"/>
        <file name="Plateau.js" path="/Users/patricklai/work/rover-rover/src/lib/Plateau.js">
          <metrics statements="70" coveredstatements="62" conditionals="38" coveredconditionals="33" methods="17" coveredmethods="16"/>
          <line num="12" count="16" type="stmt"/>
          <line num="14" count="2" type="stmt"/>
          <line num="16" count="13" type="stmt"/>
          <line num="18" count="12" type="stmt"/>
          <line num="19" count="12" type="stmt"/>
          <line num="21" count="12" type="cond" truecount="4" falsecount="0"/>
          <line num="22" count="11" type="cond" truecount="3" falsecount="1"/>
          <line num="23" count="11" type="stmt"/>
          <line num="26" count="2" type="stmt"/>
          <line num="27" count="13" type="cond" truecount="2" falsecount="0"/>
          <line num="28" count="1" type="stmt"/>
          <line num="30" count="22" type="stmt"/>
          <line num="43" count="16" type="stmt"/>
          <line num="45" count="16" type="cond" truecount="2" falsecount="0"/>
          <line num="46" count="3" type="stmt"/>
          <line num="51" count="13" type="stmt"/>
          <line num="53" count="11" type="stmt"/>
          <line num="58" count="11" type="stmt"/>
          <line num="60" count="61021" type="stmt"/>
          <line num="69" count="0" type="stmt"/>
          <line num="70" count="0" type="stmt"/>
          <line num="71" count="0" type="stmt"/>
          <line num="76" count="74" type="stmt"/>
          <line num="77" count="74" type="cond" truecount="4" falsecount="0"/>
          <line num="80" count="37" type="stmt"/>
          <line num="82" count="37" type="stmt"/>
          <line num="84" count="37" type="cond" truecount="1" falsecount="1"/>
          <line num="85" count="0" type="stmt"/>
          <line num="87" count="37" type="stmt"/>
          <line num="89" count="37" type="cond" truecount="2" falsecount="0"/>
          <line num="90" count="2" type="stmt"/>
          <line num="91" count="2" type="stmt"/>
          <line num="96" count="35" type="stmt"/>
          <line num="101" count="21" type="cond" truecount="2" falsecount="0"/>
          <line num="102" count="2" type="stmt"/>
          <line num="105" count="19" type="stmt"/>
          <line num="106" count="60" type="stmt"/>
          <line num="107" count="307" type="stmt"/>
          <line num="108" count="307" type="cond" truecount="2" falsecount="0"/>
          <line num="110" count="19" type="stmt"/>
          <line num="112" count="18" type="stmt"/>
          <line num="113" count="18" type="stmt"/>
          <line num="121" count="38" type="stmt"/>
          <line num="122" count="103" type="stmt"/>
          <line num="123" count="496" type="cond" truecount="2" falsecount="0"/>
          <line num="124" count="38" type="stmt"/>
          <line num="127" count="0" type="stmt"/>
          <line num="131" count="16" type="stmt"/>
          <line num="133" count="16" type="cond" truecount="4" falsecount="1"/>
          <line num="135" count="5" type="stmt"/>
          <line num="136" count="5" type="stmt"/>
          <line num="138" count="4" type="stmt"/>
          <line num="139" count="4" type="stmt"/>
          <line num="141" count="4" type="stmt"/>
          <line num="142" count="4" type="stmt"/>
          <line num="144" count="3" type="stmt"/>
          <line num="145" count="3" type="stmt"/>
          <line num="147" count="0" type="stmt"/>
          <line num="150" count="16" type="cond" truecount="1" falsecount="1"/>
          <line num="151" count="0" type="stmt"/>
          <line num="152" count="0" type="stmt"/>
          <line num="156" count="16" type="stmt"/>
          <line num="164" count="18" type="stmt"/>
          <line num="165" count="18" type="cond" truecount="1" falsecount="1"/>
          <line num="168" count="18" type="stmt"/>
          <line num="171" count="17" type="stmt"/>
          <line num="174" count="17" type="stmt"/>
          <line num="178" count="32" type="stmt"/>
          <line num="179" count="31" type="cond" truecount="2" falsecount="0"/>
          <line num="182" count="16" type="stmt"/>
        </file>
        <file name="Rover.js" path="/Users/patricklai/work/rover-rover/src/lib/Rover.js">
          <metrics statements="41" coveredstatements="37" conditionals="40" coveredconditionals="33" methods="8" coveredmethods="8"/>
          <line num="23" count="29" type="stmt"/>
          <line num="24" count="29" type="cond" truecount="2" falsecount="0"/>
          <line num="25" count="2" type="stmt"/>
          <line num="26" count="27" type="cond" truecount="2" falsecount="0"/>
          <line num="27" count="19" type="stmt"/>
          <line num="30" count="27" type="stmt"/>
          <line num="31" count="81" type="stmt"/>
          <line num="32" count="81" type="cond" truecount="2" falsecount="0"/>
          <line num="35" count="27" type="cond" truecount="2" falsecount="0"/>
          <line num="38" count="27" type="cond" truecount="1" falsecount="1"/>
          <line num="39" count="0" type="stmt"/>
          <line num="47" count="61" type="cond" truecount="3" falsecount="0"/>
          <line num="52" count="24" type="cond" truecount="2" falsecount="0"/>
          <line num="53" count="1" type="stmt"/>
          <line num="54" count="23" type="stmt"/>
          <line num="59" count="3" type="stmt"/>
          <line num="64" count="46" type="stmt"/>
          <line num="65" count="46" type="cond" truecount="1" falsecount="1"/>
          <line num="66" count="46" type="cond" truecount="2" falsecount="0"/>
          <line num="67" count="46" type="stmt"/>
          <line num="68" count="46" type="stmt"/>
          <line num="73" count="4" type="cond" truecount="1" falsecount="1"/>
          <line num="74" count="0" type="stmt"/>
          <line num="75" count="4" type="cond" truecount="1" falsecount="1"/>
          <line num="76" count="4" type="stmt"/>
          <line num="80" count="41" type="cond" truecount="2" falsecount="0"/>
          <line num="81" count="1" type="stmt"/>
          <line num="82" count="40" type="cond" truecount="1" falsecount="1"/>
          <line num="83" count="40" type="cond" truecount="1" falsecount="1"/>
          <line num="84" count="0" type="stmt"/>
          <line num="87" count="40" type="stmt"/>
          <line num="90" count="40" type="stmt"/>
          <line num="93" count="40" type="cond" truecount="3" falsecount="1"/>
          <line num="96" count="13" type="stmt"/>
          <line num="98" count="13" type="stmt"/>
          <line num="101" count="10" type="stmt"/>
          <line num="103" count="10" type="stmt"/>
          <line num="106" count="17" type="stmt"/>
          <line num="108" count="0" type="stmt"/>
          <line num="112" count="40" type="cond" truecount="2" falsecount="0"/>
          <line num="114" count="40" type="stmt"/>
        </file>
        <file name="instructions.js" path="/Users/patricklai/work/rover-rover/src/lib/instructions.js">
          <metrics statements="16" coveredstatements="16" conditionals="16" coveredconditionals="16" methods="2" coveredmethods="2"/>
          <line num="6" count="4" type="stmt"/>
          <line num="7" count="4" type="stmt"/>
          <line num="10" count="4" type="stmt"/>
          <line num="11" count="47" type="cond" truecount="2" falsecount="0"/>
          <line num="13" count="44" type="stmt"/>
          <line num="14" count="44" type="stmt"/>
          <line num="15" count="44" type="stmt"/>
          <line num="16" count="44" type="cond" truecount="4" falsecount="0"/>
          <line num="17" count="41" type="cond" truecount="4" falsecount="0"/>
          <line num="18" count="37" type="cond" truecount="2" falsecount="0"/>
          <line num="19" count="36" type="stmt"/>
          <line num="23" count="4" type="stmt"/>
          <line num="24" count="43" type="cond" truecount="2" falsecount="0"/>
          <line num="25" count="22" type="stmt"/>
          <line num="26" count="124" type="cond" truecount="2" falsecount="0"/>
          <line num="27" count="17" type="stmt"/>
        </file>
      </package>
    </metrics>
  </project>
</coverage>
