{"/Users/patricklai/work/rover-rover/src/main.js": {"path":"/Users/patricklai/work/rover-rover/src/main.js","statementMap":{"0":{"start":{"line":5,"column":0},"end":{"line":5,"column":27}},"1":{"start":{"line":10,"column":17},"end":{"line":10,"column":32}},"2":{"start":{"line":11,"column":32},"end":{"line":11,"column":43}},"3":{"start":{"line":12,"column":26},"end":{"line":12,"column":59}},"4":{"start":{"line":13,"column":0},"end":{"line":14,"column":74}},"5":{"start":{"line":14,"column":2},"end":{"line":14,"column":74}},"6":{"start":{"line":16,"column":28},"end":{"line":46,"column":1}},"7":{"start":{"line":17,"column":17},"end":{"line":17,"column":19}},"8":{"start":{"line":19,"column":15},"end":{"line":19,"column":58}},"9":{"start":{"line":19,"column":44},"end":{"line":19,"column":57}},"10":{"start":{"line":22,"column":18},"end":{"line":22,"column":78}},"11":{"start":{"line":25,"column":2},"end":{"line":37,"column":3}},"12":{"start":{"line":26,"column":24},"end":{"line":26,"column":36}},"13":{"start":{"line":27,"column":25},"end":{"line":27,"column":37}},"14":{"start":{"line":29,"column":4},"end":{"line":30,"column":62}},"15":{"start":{"line":30,"column":6},"end":{"line":30,"column":62}},"16":{"start":{"line":32,"column":4},"end":{"line":33,"column":63}},"17":{"start":{"line":33,"column":6},"end":{"line":33,"column":63}},"18":{"start":{"line":35,"column":18},"end":{"line":35,"column":58}},"19":{"start":{"line":36,"column":4},"end":{"line":36,"column":31}},"20":{"start":{"line":40,"column":2},"end":{"line":42,"column":5}},"21":{"start":{"line":41,"column":4},"end":{"line":41,"column":78}},"22":{"start":{"line":41,"column":33},"end":{"line":41,"column":78}},"23":{"start":{"line":44,"column":22},"end":{"line":44,"column":79}},"24":{"start":{"line":44,"column":50},"end":{"line":44,"column":78}},"25":{"start":{"line":45,"column":2},"end":{"line":45,"column":54}},"26":{"start":{"line":45,"column":30},"end":{"line":45,"column":41}}},"fnMap":{"0":{"name":"(anonymous_0)","decl":{"start":{"line":16,"column":28},"end":{"line":16,"column":29}},"loc":{"start":{"line":16,"column":36},"end":{"line":46,"column":1}},"line":16},"1":{"name":"(anonymous_1)","decl":{"start":{"line":19,"column":39},"end":{"line":19,"column":40}},"loc":{"start":{"line":19,"column":44},"end":{"line":19,"column":57}},"line":19},"2":{"name":"(anonymous_2)","decl":{"start":{"line":40,"column":25},"end":{"line":40,"column":26}},"loc":{"start":{"line":40,"column":34},"end":{"line":42,"column":3}},"line":40},"3":{"name":"(anonymous_3)","decl":{"start":{"line":44,"column":41},"end":{"line":44,"column":42}},"loc":{"start":{"line":44,"column":50},"end":{"line":44,"column":78}},"line":44},"4":{"name":"(anonymous_4)","decl":{"start":{"line":45,"column":25},"end":{"line":45,"column":26}},"loc":{"start":{"line":45,"column":30},"end":{"line":45,"column":41}},"line":45}},"branchMap":{"0":{"loc":{"start":{"line":13,"column":0},"end":{"line":14,"column":74}},"type":"if","locations":[{"start":{"line":13,"column":0},"end":{"line":14,"column":74}},{"start":{"line":13,"column":0},"end":{"line":14,"column":74}}],"line":13},"1":{"loc":{"start":{"line":19,"column":44},"end":{"line":19,"column":57}},"type":"binary-expr","locations":[{"start":{"line":19,"column":44},"end":{"line":19,"column":45}},{"start":{"line":19,"column":49},"end":{"line":19,"column":57}}],"line":19},"2":{"loc":{"start":{"line":29,"column":4},"end":{"line":30,"column":62}},"type":"if","locations":[{"start":{"line":29,"column":4},"end":{"line":30,"column":62}},{"start":{"line":29,"column":4},"end":{"line":30,"column":62}}],"line":29},"3":{"loc":{"start":{"line":32,"column":4},"end":{"line":33,"column":63}},"type":"if","locations":[{"start":{"line":32,"column":4},"end":{"line":33,"column":63}},{"start":{"line":32,"column":4},"end":{"line":33,"column":63}}],"line":32}},"s":{"0":1,"1":1,"2":1,"3":1,"4":1,"5":0,"6":1,"7":2,"8":2,"9":20,"10":2,"11":2,"12":8,"13":8,"14":8,"15":0,"16":8,"17":0,"18":8,"19":8,"20":2,"21":8,"22":138,"23":2,"24":8,"25":2,"26":8},"f":{"0":2,"1":20,"2":8,"3":8,"4":8},"b":{"0":[0,1],"1":[20,18],"2":[0,8],"3":[0,8]},"_coverageSchema":"332fd63041d2c1bcb487cc26dd0d5f7d97098a6c","hash":"3a9e92d560766a6df3f8e125e63f52784d199591"}
,"/Users/patricklai/work/rover-rover/src/lib/Plateau.js": {"path":"/Users/patricklai/work/rover-rover/src/lib/Plateau.js","statementMap":{"0":{"start":{"line":12,"column":34},"end":{"line":12,"column":52}},"1":{"start":{"line":12,"column":43},"end":{"line":12,"column":52}},"2":{"start":{"line":14,"column":27},"end":{"line":24,"column":1}},"3":{"start":{"line":16,"column":21},"end":{"line":16,"column":37}},"4":{"start":{"line":18,"column":16},"end":{"line":18,"column":43}},"5":{"start":{"line":19,"column":17},"end":{"line":19,"column":44}},"6":{"start":{"line":21,"column":2},"end":{"line":21,"column":46}},"7":{"start":{"line":21,"column":33},"end":{"line":21,"column":46}},"8":{"start":{"line":22,"column":2},"end":{"line":22,"column":48}},"9":{"start":{"line":22,"column":35},"end":{"line":22,"column":48}},"10":{"start":{"line":23,"column":2},"end":{"line":23,"column":14}},"11":{"start":{"line":26,"column":24},"end":{"line":31,"column":1}},"12":{"start":{"line":27,"column":2},"end":{"line":28,"column":65}},"13":{"start":{"line":28,"column":4},"end":{"line":28,"column":65}},"14":{"start":{"line":30,"column":2},"end":{"line":30,"column":52}},"15":{"start":{"line":30,"column":35},"end":{"line":30,"column":50}},"16":{"start":{"line":43,"column":46},"end":{"line":43,"column":52}},"17":{"start":{"line":45,"column":4},"end":{"line":48,"column":8}},"18":{"start":{"line":46,"column":6},"end":{"line":48,"column":8}},"19":{"start":{"line":51,"column":18},"end":{"line":51,"column":45}},"20":{"start":{"line":53,"column":4},"end":{"line":53,"column":47}},"21":{"start":{"line":58,"column":4},"end":{"line":60,"column":76}},"22":{"start":{"line":60,"column":21},"end":{"line":60,"column":74}},"23":{"start":{"line":60,"column":71},"end":{"line":60,"column":73}},"24":{"start":{"line":69,"column":4},"end":{"line":71,"column":66}},"25":{"start":{"line":70,"column":6},"end":{"line":71,"column":66}},"26":{"start":{"line":71,"column":8},"end":{"line":71,"column":66}},"27":{"start":{"line":76,"column":21},"end":{"line":76,"column":27}},"28":{"start":{"line":77,"column":4},"end":{"line":77,"column":79}},"29":{"start":{"line":80,"column":25},"end":{"line":80,"column":54}},"30":{"start":{"line":82,"column":21},"end":{"line":82,"column":27}},"31":{"start":{"line":84,"column":4},"end":{"line":85,"column":60}},"32":{"start":{"line":85,"column":6},"end":{"line":85,"column":60}},"33":{"start":{"line":87,"column":27},"end":{"line":87,"column":57}},"34":{"start":{"line":89,"column":4},"end":{"line":94,"column":5}},"35":{"start":{"line":90,"column":6},"end":{"line":90,"column":22}},"36":{"start":{"line":91,"column":6},"end":{"line":93,"column":8}},"37":{"start":{"line":96,"column":4},"end":{"line":96,"column":32}},"38":{"start":{"line":101,"column":4},"end":{"line":102,"column":60}},"39":{"start":{"line":102,"column":6},"end":{"line":102,"column":60}},"40":{"start":{"line":105,"column":4},"end":{"line":115,"column":7}},"41":{"start":{"line":106,"column":6},"end":{"line":115,"column":7}},"42":{"start":{"line":107,"column":22},"end":{"line":107,"column":65}},"43":{"start":{"line":107,"column":53},"end":{"line":107,"column":64}},"44":{"start":{"line":108,"column":8},"end":{"line":114,"column":9}},"45":{"start":{"line":110,"column":10},"end":{"line":110,"column":42}},"46":{"start":{"line":112,"column":26},"end":{"line":112,"column":58}},"47":{"start":{"line":113,"column":10},"end":{"line":113,"column":17}},"48":{"start":{"line":121,"column":4},"end":{"line":124,"column":66}},"49":{"start":{"line":122,"column":6},"end":{"line":124,"column":66}},"50":{"start":{"line":123,"column":8},"end":{"line":124,"column":66}},"51":{"start":{"line":124,"column":10},"end":{"line":124,"column":66}},"52":{"start":{"line":127,"column":4},"end":{"line":127,"column":41}},"53":{"start":{"line":131,"column":18},"end":{"line":131,"column":43}},"54":{"start":{"line":133,"column":4},"end":{"line":148,"column":5}},"55":{"start":{"line":135,"column":8},"end":{"line":135,"column":50}},"56":{"start":{"line":136,"column":8},"end":{"line":136,"column":14}},"57":{"start":{"line":138,"column":8},"end":{"line":138,"column":50}},"58":{"start":{"line":139,"column":8},"end":{"line":139,"column":14}},"59":{"start":{"line":141,"column":8},"end":{"line":141,"column":50}},"60":{"start":{"line":142,"column":8},"end":{"line":142,"column":14}},"61":{"start":{"line":144,"column":8},"end":{"line":144,"column":50}},"62":{"start":{"line":145,"column":8},"end":{"line":145,"column":14}},"63":{"start":{"line":147,"column":8},"end":{"line":147,"column":71}},"64":{"start":{"line":150,"column":4},"end":{"line":153,"column":5}},"65":{"start":{"line":151,"column":6},"end":{"line":151,"column":77}},"66":{"start":{"line":152,"column":6},"end":{"line":152,"column":22}},"67":{"start":{"line":156,"column":4},"end":{"line":156,"column":38}},"68":{"start":{"line":164,"column":28},"end":{"line":164,"column":33}},"69":{"start":{"line":165,"column":4},"end":{"line":165,"column":80}},"70":{"start":{"line":165,"column":37},"end":{"line":165,"column":80}},"71":{"start":{"line":168,"column":4},"end":{"line":168,"column":70}},"72":{"start":{"line":171,"column":4},"end":{"line":171,"column":17}},"73":{"start":{"line":174,"column":4},"end":{"line":174,"column":28}},"74":{"start":{"line":178,"column":24},"end":{"line":178,"column":54}},"75":{"start":{"line":179,"column":4},"end":{"line":185,"column":5}},"76":{"start":{"line":182,"column":8},"end":{"line":182,"column":33}}},"fnMap":{"0":{"name":"(anonymous_0)","decl":{"start":{"line":12,"column":34},"end":{"line":12,"column":35}},"loc":{"start":{"line":12,"column":43},"end":{"line":12,"column":52}},"line":12},"1":{"name":"(anonymous_1)","decl":{"start":{"line":14,"column":27},"end":{"line":14,"column":28}},"loc":{"start":{"line":14,"column":36},"end":{"line":24,"column":1}},"line":14},"2":{"name":"(anonymous_2)","decl":{"start":{"line":26,"column":24},"end":{"line":26,"column":25}},"loc":{"start":{"line":26,"column":33},"end":{"line":31,"column":1}},"line":26},"3":{"name":"(anonymous_3)","decl":{"start":{"line":30,"column":30},"end":{"line":30,"column":31}},"loc":{"start":{"line":30,"column":35},"end":{"line":30,"column":50}},"line":30},"4":{"name":"(anonymous_4)","decl":{"start":{"line":42,"column":2},"end":{"line":42,"column":3}},"loc":{"start":{"line":42,"column":27},"end":{"line":61,"column":3}},"line":42},"5":{"name":"(anonymous_5)","decl":{"start":{"line":60,"column":11},"end":{"line":60,"column":12}},"loc":{"start":{"line":60,"column":21},"end":{"line":60,"column":74}},"line":60},"6":{"name":"(anonymous_6)","decl":{"start":{"line":60,"column":65},"end":{"line":60,"column":66}},"loc":{"start":{"line":60,"column":71},"end":{"line":60,"column":73}},"line":60},"7":{"name":"(anonymous_7)","decl":{"start":{"line":68,"column":15},"end":{"line":68,"column":16}},"loc":{"start":{"line":68,"column":21},"end":{"line":72,"column":3}},"line":68},"8":{"name":"(anonymous_8)","decl":{"start":{"line":75,"column":16},"end":{"line":75,"column":17}},"loc":{"start":{"line":75,"column":26},"end":{"line":78,"column":3}},"line":75},"9":{"name":"(anonymous_9)","decl":{"start":{"line":80,"column":15},"end":{"line":80,"column":16}},"loc":{"start":{"line":80,"column":25},"end":{"line":80,"column":54}},"line":80},"10":{"name":"(anonymous_10)","decl":{"start":{"line":81,"column":16},"end":{"line":81,"column":17}},"loc":{"start":{"line":81,"column":35},"end":{"line":97,"column":3}},"line":81},"11":{"name":"(anonymous_11)","decl":{"start":{"line":100,"column":18},"end":{"line":100,"column":19}},"loc":{"start":{"line":100,"column":37},"end":{"line":116,"column":3}},"line":100},"12":{"name":"(anonymous_12)","decl":{"start":{"line":107,"column":48},"end":{"line":107,"column":49}},"loc":{"start":{"line":107,"column":53},"end":{"line":107,"column":64}},"line":107},"13":{"name":"(anonymous_13)","decl":{"start":{"line":118,"column":18},"end":{"line":118,"column":19}},"loc":{"start":{"line":118,"column":27},"end":{"line":128,"column":3}},"line":118},"14":{"name":"(anonymous_14)","decl":{"start":{"line":130,"column":17},"end":{"line":130,"column":18}},"loc":{"start":{"line":130,"column":26},"end":{"line":157,"column":3}},"line":130},"15":{"name":"(anonymous_15)","decl":{"start":{"line":163,"column":16},"end":{"line":163,"column":17}},"loc":{"start":{"line":163,"column":25},"end":{"line":175,"column":3}},"line":163},"16":{"name":"(anonymous_16)","decl":{"start":{"line":177,"column":34},"end":{"line":177,"column":35}},"loc":{"start":{"line":177,"column":43},"end":{"line":186,"column":3}},"line":177}},"branchMap":{"0":{"loc":{"start":{"line":21,"column":2},"end":{"line":21,"column":46}},"type":"if","locations":[{"start":{"line":21,"column":2},"end":{"line":21,"column":46}},{"start":{"line":21,"column":2},"end":{"line":21,"column":46}}],"line":21},"1":{"loc":{"start":{"line":21,"column":6},"end":{"line":21,"column":31}},"type":"binary-expr","locations":[{"start":{"line":21,"column":6},"end":{"line":21,"column":18}},{"start":{"line":21,"column":22},"end":{"line":21,"column":31}}],"line":21},"2":{"loc":{"start":{"line":22,"column":2},"end":{"line":22,"column":48}},"type":"if","locations":[{"start":{"line":22,"column":2},"end":{"line":22,"column":48}},{"start":{"line":22,"column":2},"end":{"line":22,"column":48}}],"line":22},"3":{"loc":{"start":{"line":22,"column":6},"end":{"line":22,"column":33}},"type":"binary-expr","locations":[{"start":{"line":22,"column":6},"end":{"line":22,"column":19}},{"start":{"line":22,"column":23},"end":{"line":22,"column":33}}],"line":22},"4":{"loc":{"start":{"line":27,"column":2},"end":{"line":28,"column":65}},"type":"if","locations":[{"start":{"line":27,"column":2},"end":{"line":28,"column":65}},{"start":{"line":27,"column":2},"end":{"line":28,"column":65}}],"line":27},"5":{"loc":{"start":{"line":42,"column":14},"end":{"line":42,"column":25}},"type":"default-arg","locations":[{"start":{"line":42,"column":23},"end":{"line":42,"column":25}}],"line":42},"6":{"loc":{"start":{"line":45,"column":4},"end":{"line":48,"column":8}},"type":"if","locations":[{"start":{"line":45,"column":4},"end":{"line":48,"column":8}},{"start":{"line":45,"column":4},"end":{"line":48,"column":8}}],"line":45},"7":{"loc":{"start":{"line":77,"column":11},"end":{"line":77,"column":78}},"type":"binary-expr","locations":[{"start":{"line":77,"column":11},"end":{"line":77,"column":31}},{"start":{"line":77,"column":35},"end":{"line":77,"column":58}},{"start":{"line":77,"column":62},"end":{"line":77,"column":68}},{"start":{"line":77,"column":72},"end":{"line":77,"column":78}}],"line":77},"8":{"loc":{"start":{"line":84,"column":4},"end":{"line":85,"column":60}},"type":"if","locations":[{"start":{"line":84,"column":4},"end":{"line":85,"column":60}},{"start":{"line":84,"column":4},"end":{"line":85,"column":60}}],"line":84},"9":{"loc":{"start":{"line":89,"column":4},"end":{"line":94,"column":5}},"type":"if","locations":[{"start":{"line":89,"column":4},"end":{"line":94,"column":5}},{"start":{"line":89,"column":4},"end":{"line":94,"column":5}}],"line":89},"10":{"loc":{"start":{"line":101,"column":4},"end":{"line":102,"column":60}},"type":"if","locations":[{"start":{"line":101,"column":4},"end":{"line":102,"column":60}},{"start":{"line":101,"column":4},"end":{"line":102,"column":60}}],"line":101},"11":{"loc":{"start":{"line":108,"column":8},"end":{"line":114,"column":9}},"type":"if","locations":[{"start":{"line":108,"column":8},"end":{"line":114,"column":9}},{"start":{"line":108,"column":8},"end":{"line":114,"column":9}}],"line":108},"12":{"loc":{"start":{"line":123,"column":8},"end":{"line":124,"column":66}},"type":"if","locations":[{"start":{"line":123,"column":8},"end":{"line":124,"column":66}},{"start":{"line":123,"column":8},"end":{"line":124,"column":66}}],"line":123},"13":{"loc":{"start":{"line":133,"column":4},"end":{"line":148,"column":5}},"type":"switch","locations":[{"start":{"line":134,"column":6},"end":{"line":136,"column":14}},{"start":{"line":137,"column":6},"end":{"line":139,"column":14}},{"start":{"line":140,"column":6},"end":{"line":142,"column":14}},{"start":{"line":143,"column":6},"end":{"line":145,"column":14}},{"start":{"line":146,"column":6},"end":{"line":147,"column":71}}],"line":133},"14":{"loc":{"start":{"line":150,"column":4},"end":{"line":153,"column":5}},"type":"if","locations":[{"start":{"line":150,"column":4},"end":{"line":153,"column":5}},{"start":{"line":150,"column":4},"end":{"line":153,"column":5}}],"line":150},"15":{"loc":{"start":{"line":165,"column":4},"end":{"line":165,"column":80}},"type":"if","locations":[{"start":{"line":165,"column":4},"end":{"line":165,"column":80}},{"start":{"line":165,"column":4},"end":{"line":165,"column":80}}],"line":165},"16":{"loc":{"start":{"line":179,"column":4},"end":{"line":185,"column":5}},"type":"switch","locations":[{"start":{"line":180,"column":6},"end":{"line":182,"column":33}},{"start":{"line":183,"column":6},"end":{"line":183,"column":14}}],"line":179}},"s":{"0":2,"1":17,"2":2,"3":14,"4":13,"5":13,"6":13,"7":1,"8":12,"9":0,"10":12,"11":2,"12":14,"13":1,"14":12,"15":24,"16":17,"17":17,"18":3,"19":14,"20":12,"21":12,"22":759,"23":71222,"24":0,"25":0,"26":0,"27":257,"28":257,"29":102,"30":102,"31":102,"32":0,"33":102,"34":102,"35":2,"36":2,"37":100,"38":80,"39":2,"40":78,"41":2403,"42":232859,"43":242,"44":232859,"45":78,"46":77,"47":77,"48":103,"49":2684,"50":256657,"51":103,"52":0,"53":75,"54":75,"55":14,"56":14,"57":32,"58":32,"59":14,"60":14,"61":15,"62":15,"63":0,"64":75,"65":0,"66":0,"67":75,"68":24,"69":24,"70":0,"71":24,"72":23,"73":23,"74":151,"75":150,"76":75},"f":{"0":17,"1":14,"2":14,"3":24,"4":17,"5":759,"6":71222,"7":0,"8":257,"9":102,"10":102,"11":80,"12":242,"13":103,"14":75,"15":24,"16":151},"b":{"0":[1,12],"1":[13,12],"2":[0,12],"3":[12,12],"4":[1,12],"5":[1],"6":[3,14],"7":[257,256,255,255],"8":[0,102],"9":[2,100],"10":[2,78],"11":[78,232781],"12":[103,256554],"13":[14,32,14,15,0],"14":[0,75],"15":[0,24],"16":[75,149]},"_coverageSchema":"332fd63041d2c1bcb487cc26dd0d5f7d97098a6c","hash":"f6ab578a922988efc11d119d95e8ec119c547469"}
,"/Users/patricklai/work/rover-rover/src/lib/Rover.js": {"path":"/Users/patricklai/work/rover-rover/src/lib/Rover.js","statementMap":{"0":{"start":{"line":23,"column":42},"end":{"line":23,"column":48}},"1":{"start":{"line":24,"column":4},"end":{"line":25,"column":46}},"2":{"start":{"line":25,"column":6},"end":{"line":25,"column":46}},"3":{"start":{"line":26,"column":4},"end":{"line":27,"column":49}},"4":{"start":{"line":27,"column":6},"end":{"line":27,"column":49}},"5":{"start":{"line":30,"column":4},"end":{"line":33,"column":7}},"6":{"start":{"line":31,"column":21},"end":{"line":31,"column":36}},"7":{"start":{"line":32,"column":6},"end":{"line":32,"column":40}},"8":{"start":{"line":35,"column":4},"end":{"line":35,"column":63}},"9":{"start":{"line":38,"column":4},"end":{"line":39,"column":75}},"10":{"start":{"line":39,"column":6},"end":{"line":39,"column":75}},"11":{"start":{"line":47,"column":4},"end":{"line":47,"column":73}},"12":{"start":{"line":52,"column":4},"end":{"line":53,"column":58}},"13":{"start":{"line":53,"column":6},"end":{"line":53,"column":58}},"14":{"start":{"line":54,"column":4},"end":{"line":54,"column":40}},"15":{"start":{"line":59,"column":4},"end":{"line":59,"column":25}},"16":{"start":{"line":64,"column":21},"end":{"line":64,"column":25}},"17":{"start":{"line":65,"column":4},"end":{"line":65,"column":78}},"18":{"start":{"line":65,"column":41},"end":{"line":65,"column":78}},"19":{"start":{"line":66,"column":4},"end":{"line":66,"column":56}},"20":{"start":{"line":66,"column":35},"end":{"line":66,"column":56}},"21":{"start":{"line":67,"column":4},"end":{"line":67,"column":28}},"22":{"start":{"line":68,"column":4},"end":{"line":68,"column":23}},"23":{"start":{"line":73,"column":4},"end":{"line":74,"column":64}},"24":{"start":{"line":74,"column":6},"end":{"line":74,"column":64}},"25":{"start":{"line":75,"column":4},"end":{"line":75,"column":73}},"26":{"start":{"line":75,"column":32},"end":{"line":75,"column":73}},"27":{"start":{"line":75,"column":60},"end":{"line":75,"column":73}},"28":{"start":{"line":76,"column":4},"end":{"line":76,"column":16}},"29":{"start":{"line":80,"column":4},"end":{"line":81,"column":80}},"30":{"start":{"line":81,"column":6},"end":{"line":81,"column":80}},"31":{"start":{"line":82,"column":4},"end":{"line":82,"column":77}},"32":{"start":{"line":82,"column":30},"end":{"line":82,"column":77}},"33":{"start":{"line":83,"column":4},"end":{"line":84,"column":71}},"34":{"start":{"line":84,"column":6},"end":{"line":84,"column":71}},"35":{"start":{"line":87,"column":24},"end":{"line":87,"column":49}},"36":{"start":{"line":90,"column":18},"end":{"line":90,"column":49}},"37":{"start":{"line":93,"column":4},"end":{"line":109,"column":5}},"38":{"start":{"line":96,"column":8},"end":{"line":97,"column":68}},"39":{"start":{"line":98,"column":8},"end":{"line":98,"column":14}},"40":{"start":{"line":101,"column":8},"end":{"line":102,"column":68}},"41":{"start":{"line":103,"column":8},"end":{"line":103,"column":14}},"42":{"start":{"line":106,"column":8},"end":{"line":106,"column":14}},"43":{"start":{"line":108,"column":8},"end":{"line":108,"column":65}},"44":{"start":{"line":112,"column":4},"end":{"line":112,"column":51}},"45":{"start":{"line":112,"column":22},"end":{"line":112,"column":51}},"46":{"start":{"line":114,"column":4},"end":{"line":114,"column":23}}},"fnMap":{"0":{"name":"(anonymous_0)","decl":{"start":{"line":22,"column":2},"end":{"line":22,"column":3}},"loc":{"start":{"line":22,"column":27},"end":{"line":40,"column":3}},"line":22},"1":{"name":"(anonymous_1)","decl":{"start":{"line":30,"column":50},"end":{"line":30,"column":51}},"loc":{"start":{"line":30,"column":55},"end":{"line":33,"column":5}},"line":30},"2":{"name":"(anonymous_2)","decl":{"start":{"line":46,"column":16},"end":{"line":46,"column":17}},"loc":{"start":{"line":47,"column":4},"end":{"line":47,"column":73}},"line":47},"3":{"name":"(anonymous_3)","decl":{"start":{"line":51,"column":9},"end":{"line":51,"column":10}},"loc":{"start":{"line":51,"column":15},"end":{"line":55,"column":3}},"line":51},"4":{"name":"(anonymous_4)","decl":{"start":{"line":58,"column":12},"end":{"line":58,"column":13}},"loc":{"start":{"line":58,"column":18},"end":{"line":60,"column":3}},"line":58},"5":{"name":"(anonymous_5)","decl":{"start":{"line":63,"column":14},"end":{"line":63,"column":15}},"loc":{"start":{"line":63,"column":27},"end":{"line":69,"column":3}},"line":63},"6":{"name":"(anonymous_6)","decl":{"start":{"line":72,"column":12},"end":{"line":72,"column":13}},"loc":{"start":{"line":72,"column":26},"end":{"line":77,"column":3}},"line":72},"7":{"name":"(anonymous_7)","decl":{"start":{"line":79,"column":27},"end":{"line":79,"column":28}},"loc":{"start":{"line":79,"column":33},"end":{"line":115,"column":3}},"line":79}},"branchMap":{"0":{"loc":{"start":{"line":22,"column":14},"end":{"line":22,"column":25}},"type":"default-arg","locations":[{"start":{"line":22,"column":23},"end":{"line":22,"column":25}}],"line":22},"1":{"loc":{"start":{"line":24,"column":4},"end":{"line":25,"column":46}},"type":"if","locations":[{"start":{"line":24,"column":4},"end":{"line":25,"column":46}},{"start":{"line":24,"column":4},"end":{"line":25,"column":46}}],"line":24},"2":{"loc":{"start":{"line":26,"column":4},"end":{"line":27,"column":49}},"type":"if","locations":[{"start":{"line":26,"column":4},"end":{"line":27,"column":49}},{"start":{"line":26,"column":4},"end":{"line":27,"column":49}}],"line":26},"3":{"loc":{"start":{"line":32,"column":13},"end":{"line":32,"column":39}},"type":"cond-expr","locations":[{"start":{"line":32,"column":29},"end":{"line":32,"column":30}},{"start":{"line":32,"column":33},"end":{"line":32,"column":39}}],"line":32},"4":{"loc":{"start":{"line":35,"column":24},"end":{"line":35,"column":62}},"type":"binary-expr","locations":[{"start":{"line":35,"column":24},"end":{"line":35,"column":36}},{"start":{"line":35,"column":40},"end":{"line":35,"column":62}}],"line":35},"5":{"loc":{"start":{"line":38,"column":4},"end":{"line":39,"column":75}},"type":"if","locations":[{"start":{"line":38,"column":4},"end":{"line":39,"column":75}},{"start":{"line":38,"column":4},"end":{"line":39,"column":75}}],"line":38},"6":{"loc":{"start":{"line":47,"column":4},"end":{"line":47,"column":73}},"type":"binary-expr","locations":[{"start":{"line":47,"column":4},"end":{"line":47,"column":17}},{"start":{"line":47,"column":21},"end":{"line":47,"column":39}},{"start":{"line":47,"column":43},"end":{"line":47,"column":73}}],"line":47},"7":{"loc":{"start":{"line":52,"column":4},"end":{"line":53,"column":58}},"type":"if","locations":[{"start":{"line":52,"column":4},"end":{"line":53,"column":58}},{"start":{"line":52,"column":4},"end":{"line":53,"column":58}}],"line":52},"8":{"loc":{"start":{"line":65,"column":4},"end":{"line":65,"column":78}},"type":"if","locations":[{"start":{"line":65,"column":4},"end":{"line":65,"column":78}},{"start":{"line":65,"column":4},"end":{"line":65,"column":78}}],"line":65},"9":{"loc":{"start":{"line":66,"column":4},"end":{"line":66,"column":56}},"type":"if","locations":[{"start":{"line":66,"column":4},"end":{"line":66,"column":56}},{"start":{"line":66,"column":4},"end":{"line":66,"column":56}}],"line":66},"10":{"loc":{"start":{"line":73,"column":4},"end":{"line":74,"column":64}},"type":"if","locations":[{"start":{"line":73,"column":4},"end":{"line":74,"column":64}},{"start":{"line":73,"column":4},"end":{"line":74,"column":64}}],"line":73},"11":{"loc":{"start":{"line":75,"column":32},"end":{"line":75,"column":73}},"type":"if","locations":[{"start":{"line":75,"column":32},"end":{"line":75,"column":73}},{"start":{"line":75,"column":32},"end":{"line":75,"column":73}}],"line":75},"12":{"loc":{"start":{"line":80,"column":4},"end":{"line":81,"column":80}},"type":"if","locations":[{"start":{"line":80,"column":4},"end":{"line":81,"column":80}},{"start":{"line":80,"column":4},"end":{"line":81,"column":80}}],"line":80},"13":{"loc":{"start":{"line":82,"column":4},"end":{"line":82,"column":77}},"type":"if","locations":[{"start":{"line":82,"column":4},"end":{"line":82,"column":77}},{"start":{"line":82,"column":4},"end":{"line":82,"column":77}}],"line":82},"14":{"loc":{"start":{"line":83,"column":4},"end":{"line":84,"column":71}},"type":"if","locations":[{"start":{"line":83,"column":4},"end":{"line":84,"column":71}},{"start":{"line":83,"column":4},"end":{"line":84,"column":71}}],"line":83},"15":{"loc":{"start":{"line":93,"column":4},"end":{"line":109,"column":5}},"type":"switch","locations":[{"start":{"line":94,"column":6},"end":{"line":98,"column":14}},{"start":{"line":99,"column":6},"end":{"line":103,"column":14}},{"start":{"line":104,"column":6},"end":{"line":106,"column":14}},{"start":{"line":107,"column":6},"end":{"line":108,"column":65}}],"line":93},"16":{"loc":{"start":{"line":97,"column":21},"end":{"line":97,"column":66}},"type":"cond-expr","locations":[{"start":{"line":97,"column":33},"end":{"line":97,"column":42}},{"start":{"line":97,"column":45},"end":{"line":97,"column":66}}],"line":97},"17":{"loc":{"start":{"line":102,"column":21},"end":{"line":102,"column":66}},"type":"cond-expr","locations":[{"start":{"line":102,"column":53},"end":{"line":102,"column":62}},{"start":{"line":102,"column":65},"end":{"line":102,"column":66}}],"line":102},"18":{"loc":{"start":{"line":112,"column":4},"end":{"line":112,"column":51}},"type":"if","locations":[{"start":{"line":112,"column":4},"end":{"line":112,"column":51}},{"start":{"line":112,"column":4},"end":{"line":112,"column":51}}],"line":112}},"s":{"0":35,"1":35,"2":2,"3":33,"4":19,"5":33,"6":99,"7":99,"8":33,"9":33,"10":0,"11":305,"12":30,"13":1,"14":29,"15":3,"16":112,"17":112,"18":0,"19":112,"20":57,"21":112,"22":112,"23":4,"24":0,"25":4,"26":4,"27":0,"28":4,"29":160,"30":1,"31":159,"32":0,"33":159,"34":0,"35":159,"36":159,"37":159,"38":37,"39":37,"40":46,"41":46,"42":76,"43":0,"44":159,"45":83,"46":159},"f":{"0":35,"1":99,"2":305,"3":30,"4":3,"5":112,"6":4,"7":160},"b":{"0":[1],"1":[2,33],"2":[19,14],"3":[33,66],"4":[33,14],"5":[0,33],"6":[305,305,305],"7":[1,29],"8":[0,112],"9":[57,55],"10":[0,4],"11":[0,4],"12":[1,159],"13":[0,159],"14":[0,159],"15":[37,46,76,0],"16":[29,8],"17":[37,9],"18":[83,76]},"_coverageSchema":"332fd63041d2c1bcb487cc26dd0d5f7d97098a6c","hash":"d0e5df71adcf9344a57873cb75b477cacabc1ae3"}
,"/Users/patricklai/work/rover-rover/src/lib/instructions.js": {"path":"/Users/patricklai/work/rover-rover/src/lib/instructions.js","statementMap":{"0":{"start":{"line":6,"column":26},"end":{"line":6,"column":46}},"1":{"start":{"line":7,"column":28},"end":{"line":7,"column":43}},"2":{"start":{"line":10,"column":34},"end":{"line":20,"column":1}},"3":{"start":{"line":11,"column":2},"end":{"line":11,"column":46}},"4":{"start":{"line":11,"column":33},"end":{"line":11,"column":46}},"5":{"start":{"line":13,"column":22},"end":{"line":13,"column":38}},"6":{"start":{"line":14,"column":12},"end":{"line":14,"column":40}},"7":{"start":{"line":15,"column":12},"end":{"line":15,"column":40}},"8":{"start":{"line":16,"column":2},"end":{"line":16,"column":38}},"9":{"start":{"line":16,"column":25},"end":{"line":16,"column":38}},"10":{"start":{"line":17,"column":2},"end":{"line":17,"column":38}},"11":{"start":{"line":17,"column":25},"end":{"line":17,"column":38}},"12":{"start":{"line":18,"column":2},"end":{"line":18,"column":57}},"13":{"start":{"line":18,"column":44},"end":{"line":18,"column":57}},"14":{"start":{"line":19,"column":2},"end":{"line":19,"column":14}},"15":{"start":{"line":23,"column":35},"end":{"line":28,"column":1}},"16":{"start":{"line":24,"column":2},"end":{"line":24,"column":53}},"17":{"start":{"line":24,"column":40},"end":{"line":24,"column":53}},"18":{"start":{"line":25,"column":24},"end":{"line":25,"column":46}},"19":{"start":{"line":26,"column":2},"end":{"line":26,"column":77}},"20":{"start":{"line":26,"column":33},"end":{"line":26,"column":77}},"21":{"start":{"line":26,"column":64},"end":{"line":26,"column":77}},"22":{"start":{"line":27,"column":2},"end":{"line":27,"column":14}}},"fnMap":{"0":{"name":"(anonymous_0)","decl":{"start":{"line":10,"column":34},"end":{"line":10,"column":35}},"loc":{"start":{"line":10,"column":43},"end":{"line":20,"column":1}},"line":10},"1":{"name":"(anonymous_1)","decl":{"start":{"line":23,"column":35},"end":{"line":23,"column":36}},"loc":{"start":{"line":23,"column":51},"end":{"line":28,"column":1}},"line":23}},"branchMap":{"0":{"loc":{"start":{"line":11,"column":2},"end":{"line":11,"column":46}},"type":"if","locations":[{"start":{"line":11,"column":2},"end":{"line":11,"column":46}},{"start":{"line":11,"column":2},"end":{"line":11,"column":46}}],"line":11},"1":{"loc":{"start":{"line":16,"column":2},"end":{"line":16,"column":38}},"type":"if","locations":[{"start":{"line":16,"column":2},"end":{"line":16,"column":38}},{"start":{"line":16,"column":2},"end":{"line":16,"column":38}}],"line":16},"2":{"loc":{"start":{"line":16,"column":6},"end":{"line":16,"column":23}},"type":"binary-expr","locations":[{"start":{"line":16,"column":6},"end":{"line":16,"column":14}},{"start":{"line":16,"column":18},"end":{"line":16,"column":23}}],"line":16},"3":{"loc":{"start":{"line":17,"column":2},"end":{"line":17,"column":38}},"type":"if","locations":[{"start":{"line":17,"column":2},"end":{"line":17,"column":38}},{"start":{"line":17,"column":2},"end":{"line":17,"column":38}}],"line":17},"4":{"loc":{"start":{"line":17,"column":6},"end":{"line":17,"column":23}},"type":"binary-expr","locations":[{"start":{"line":17,"column":6},"end":{"line":17,"column":14}},{"start":{"line":17,"column":18},"end":{"line":17,"column":23}}],"line":17},"5":{"loc":{"start":{"line":18,"column":2},"end":{"line":18,"column":57}},"type":"if","locations":[{"start":{"line":18,"column":2},"end":{"line":18,"column":57}},{"start":{"line":18,"column":2},"end":{"line":18,"column":57}}],"line":18},"6":{"loc":{"start":{"line":24,"column":2},"end":{"line":24,"column":53}},"type":"if","locations":[{"start":{"line":24,"column":2},"end":{"line":24,"column":53}},{"start":{"line":24,"column":2},"end":{"line":24,"column":53}}],"line":24},"7":{"loc":{"start":{"line":26,"column":33},"end":{"line":26,"column":77}},"type":"if","locations":[{"start":{"line":26,"column":33},"end":{"line":26,"column":77}},{"start":{"line":26,"column":33},"end":{"line":26,"column":77}}],"line":26}},"s":{"0":4,"1":4,"2":4,"3":59,"4":3,"5":56,"6":56,"7":56,"8":56,"9":3,"10":53,"11":4,"12":49,"13":1,"14":48,"15":4,"16":55,"17":21,"18":34,"19":34,"20":362,"21":5,"22":29},"f":{"0":59,"1":55},"b":{"0":[3,56],"1":[3,53],"2":[56,54],"3":[4,49],"4":[53,50],"5":[1,48],"6":[21,34],"7":[5,357]},"_coverageSchema":"332fd63041d2c1bcb487cc26dd0d5f7d97098a6c","hash":"70ccafb1dde22ef97c2cda816a24161961ad6f9d"}
}
