{"/Users/patricklai/work/rover-rover/src/main.js": {"path":"/Users/patricklai/work/rover-rover/src/main.js","statementMap":{"0":{"start":{"line":5,"column":0},"end":{"line":5,"column":27}},"1":{"start":{"line":10,"column":17},"end":{"line":10,"column":32}},"2":{"start":{"line":11,"column":32},"end":{"line":11,"column":43}},"3":{"start":{"line":12,"column":26},"end":{"line":12,"column":59}},"4":{"start":{"line":15,"column":0},"end":{"line":16,"column":74}},"5":{"start":{"line":16,"column":2},"end":{"line":16,"column":74}},"6":{"start":{"line":18,"column":28},"end":{"line":55,"column":1}},"7":{"start":{"line":19,"column":17},"end":{"line":19,"column":19}},"8":{"start":{"line":21,"column":15},"end":{"line":21,"column":58}},"9":{"start":{"line":21,"column":44},"end":{"line":21,"column":57}},"10":{"start":{"line":24,"column":18},"end":{"line":24,"column":78}},"11":{"start":{"line":27,"column":2},"end":{"line":39,"column":3}},"12":{"start":{"line":28,"column":24},"end":{"line":28,"column":36}},"13":{"start":{"line":29,"column":25},"end":{"line":29,"column":37}},"14":{"start":{"line":31,"column":4},"end":{"line":32,"column":62}},"15":{"start":{"line":32,"column":6},"end":{"line":32,"column":62}},"16":{"start":{"line":34,"column":4},"end":{"line":35,"column":63}},"17":{"start":{"line":35,"column":6},"end":{"line":35,"column":63}},"18":{"start":{"line":37,"column":18},"end":{"line":37,"column":58}},"19":{"start":{"line":38,"column":4},"end":{"line":38,"column":31}},"20":{"start":{"line":42,"column":2},"end":{"line":51,"column":5}},"21":{"start":{"line":43,"column":4},"end":{"line":50,"column":5}},"22":{"start":{"line":44,"column":6},"end":{"line":49,"column":7}},"23":{"start":{"line":45,"column":8},"end":{"line":45,"column":53}},"24":{"start":{"line":48,"column":8},"end":{"line":48,"column":24}},"25":{"start":{"line":53,"column":22},"end":{"line":53,"column":79}},"26":{"start":{"line":53,"column":50},"end":{"line":53,"column":78}},"27":{"start":{"line":54,"column":2},"end":{"line":54,"column":54}},"28":{"start":{"line":54,"column":30},"end":{"line":54,"column":41}}},"fnMap":{"0":{"name":"(anonymous_0)","decl":{"start":{"line":18,"column":28},"end":{"line":18,"column":29}},"loc":{"start":{"line":18,"column":36},"end":{"line":55,"column":1}},"line":18},"1":{"name":"(anonymous_1)","decl":{"start":{"line":21,"column":39},"end":{"line":21,"column":40}},"loc":{"start":{"line":21,"column":44},"end":{"line":21,"column":57}},"line":21},"2":{"name":"(anonymous_2)","decl":{"start":{"line":42,"column":25},"end":{"line":42,"column":26}},"loc":{"start":{"line":42,"column":34},"end":{"line":51,"column":3}},"line":42},"3":{"name":"(anonymous_3)","decl":{"start":{"line":53,"column":41},"end":{"line":53,"column":42}},"loc":{"start":{"line":53,"column":50},"end":{"line":53,"column":78}},"line":53},"4":{"name":"(anonymous_4)","decl":{"start":{"line":54,"column":25},"end":{"line":54,"column":26}},"loc":{"start":{"line":54,"column":30},"end":{"line":54,"column":41}},"line":54}},"branchMap":{"0":{"loc":{"start":{"line":15,"column":0},"end":{"line":16,"column":74}},"type":"if","locations":[{"start":{"line":15,"column":0},"end":{"line":16,"column":74}},{"start":{"line":15,"column":0},"end":{"line":16,"column":74}}],"line":15},"1":{"loc":{"start":{"line":21,"column":44},"end":{"line":21,"column":57}},"type":"binary-expr","locations":[{"start":{"line":21,"column":44},"end":{"line":21,"column":45}},{"start":{"line":21,"column":49},"end":{"line":21,"column":57}}],"line":21},"2":{"loc":{"start":{"line":31,"column":4},"end":{"line":32,"column":62}},"type":"if","locations":[{"start":{"line":31,"column":4},"end":{"line":32,"column":62}},{"start":{"line":31,"column":4},"end":{"line":32,"column":62}}],"line":31},"3":{"loc":{"start":{"line":34,"column":4},"end":{"line":35,"column":63}},"type":"if","locations":[{"start":{"line":34,"column":4},"end":{"line":35,"column":63}},{"start":{"line":34,"column":4},"end":{"line":35,"column":63}}],"line":34}},"s":{"0":1,"1":1,"2":1,"3":1,"4":1,"5":0,"6":1,"7":4,"8":4,"9":46,"10":4,"11":4,"12":19,"13":19,"14":19,"15":0,"16":19,"17":0,"18":19,"19":19,"20":4,"21":19,"22":164,"23":164,"24":7,"25":4,"26":19,"27":4,"28":19},"f":{"0":4,"1":46,"2":19,"3":19,"4":19},"b":{"0":[0,1],"1":[46,42],"2":[0,19],"3":[0,19]},"_coverageSchema":"332fd63041d2c1bcb487cc26dd0d5f7d97098a6c","hash":"46ae3ed810ad4f3f0108eda33e68fa8caaefbf01"}
,"/Users/patricklai/work/rover-rover/src/lib/Plateau.js": {"path":"/Users/patricklai/work/rover-rover/src/lib/Plateau.js","statementMap":{"0":{"start":{"line":9,"column":34},"end":{"line":9,"column":52}},"1":{"start":{"line":9,"column":43},"end":{"line":9,"column":52}},"2":{"start":{"line":11,"column":27},"end":{"line":19,"column":1}},"3":{"start":{"line":13,"column":21},"end":{"line":13,"column":37}},"4":{"start":{"line":14,"column":16},"end":{"line":14,"column":43}},"5":{"start":{"line":15,"column":17},"end":{"line":15,"column":44}},"6":{"start":{"line":16,"column":2},"end":{"line":16,"column":46}},"7":{"start":{"line":16,"column":33},"end":{"line":16,"column":46}},"8":{"start":{"line":17,"column":2},"end":{"line":17,"column":48}},"9":{"start":{"line":17,"column":35},"end":{"line":17,"column":48}},"10":{"start":{"line":18,"column":2},"end":{"line":18,"column":14}},"11":{"start":{"line":21,"column":24},"end":{"line":26,"column":1}},"12":{"start":{"line":22,"column":2},"end":{"line":23,"column":65}},"13":{"start":{"line":23,"column":4},"end":{"line":23,"column":65}},"14":{"start":{"line":25,"column":2},"end":{"line":25,"column":52}},"15":{"start":{"line":25,"column":35},"end":{"line":25,"column":50}},"16":{"start":{"line":38,"column":46},"end":{"line":38,"column":52}},"17":{"start":{"line":40,"column":4},"end":{"line":43,"column":8}},"18":{"start":{"line":41,"column":6},"end":{"line":43,"column":8}},"19":{"start":{"line":46,"column":18},"end":{"line":46,"column":45}},"20":{"start":{"line":47,"column":4},"end":{"line":47,"column":47}},"21":{"start":{"line":52,"column":4},"end":{"line":54,"column":76}},"22":{"start":{"line":54,"column":21},"end":{"line":54,"column":74}},"23":{"start":{"line":54,"column":71},"end":{"line":54,"column":73}},"24":{"start":{"line":63,"column":4},"end":{"line":65,"column":66}},"25":{"start":{"line":64,"column":6},"end":{"line":65,"column":66}},"26":{"start":{"line":65,"column":8},"end":{"line":65,"column":66}},"27":{"start":{"line":70,"column":21},"end":{"line":70,"column":27}},"28":{"start":{"line":71,"column":4},"end":{"line":71,"column":79}},"29":{"start":{"line":74,"column":25},"end":{"line":74,"column":54}},"30":{"start":{"line":76,"column":21},"end":{"line":76,"column":27}},"31":{"start":{"line":78,"column":4},"end":{"line":79,"column":60}},"32":{"start":{"line":79,"column":6},"end":{"line":79,"column":60}},"33":{"start":{"line":81,"column":27},"end":{"line":81,"column":57}},"34":{"start":{"line":83,"column":4},"end":{"line":88,"column":5}},"35":{"start":{"line":84,"column":6},"end":{"line":84,"column":22}},"36":{"start":{"line":85,"column":6},"end":{"line":87,"column":8}},"37":{"start":{"line":90,"column":4},"end":{"line":90,"column":32}},"38":{"start":{"line":95,"column":4},"end":{"line":96,"column":60}},"39":{"start":{"line":96,"column":6},"end":{"line":96,"column":60}},"40":{"start":{"line":99,"column":4},"end":{"line":109,"column":7}},"41":{"start":{"line":100,"column":6},"end":{"line":109,"column":7}},"42":{"start":{"line":101,"column":22},"end":{"line":101,"column":65}},"43":{"start":{"line":101,"column":53},"end":{"line":101,"column":64}},"44":{"start":{"line":102,"column":8},"end":{"line":108,"column":9}},"45":{"start":{"line":104,"column":10},"end":{"line":104,"column":42}},"46":{"start":{"line":106,"column":26},"end":{"line":106,"column":58}},"47":{"start":{"line":107,"column":10},"end":{"line":107,"column":17}},"48":{"start":{"line":113,"column":18},"end":{"line":113,"column":43}},"49":{"start":{"line":115,"column":4},"end":{"line":130,"column":5}},"50":{"start":{"line":117,"column":8},"end":{"line":117,"column":50}},"51":{"start":{"line":118,"column":8},"end":{"line":118,"column":14}},"52":{"start":{"line":120,"column":8},"end":{"line":120,"column":50}},"53":{"start":{"line":121,"column":8},"end":{"line":121,"column":14}},"54":{"start":{"line":123,"column":8},"end":{"line":123,"column":50}},"55":{"start":{"line":124,"column":8},"end":{"line":124,"column":14}},"56":{"start":{"line":126,"column":8},"end":{"line":126,"column":50}},"57":{"start":{"line":127,"column":8},"end":{"line":127,"column":14}},"58":{"start":{"line":129,"column":8},"end":{"line":129,"column":71}},"59":{"start":{"line":132,"column":4},"end":{"line":135,"column":5}},"60":{"start":{"line":133,"column":6},"end":{"line":133,"column":77}},"61":{"start":{"line":134,"column":6},"end":{"line":134,"column":22}},"62":{"start":{"line":138,"column":4},"end":{"line":138,"column":38}},"63":{"start":{"line":148,"column":4},"end":{"line":151,"column":66}},"64":{"start":{"line":149,"column":6},"end":{"line":151,"column":66}},"65":{"start":{"line":150,"column":8},"end":{"line":151,"column":66}},"66":{"start":{"line":151,"column":10},"end":{"line":151,"column":66}},"67":{"start":{"line":154,"column":4},"end":{"line":154,"column":41}},"68":{"start":{"line":158,"column":28},"end":{"line":158,"column":33}},"69":{"start":{"line":159,"column":4},"end":{"line":159,"column":80}},"70":{"start":{"line":159,"column":37},"end":{"line":159,"column":80}},"71":{"start":{"line":161,"column":4},"end":{"line":161,"column":70}},"72":{"start":{"line":163,"column":4},"end":{"line":163,"column":17}},"73":{"start":{"line":165,"column":4},"end":{"line":165,"column":28}},"74":{"start":{"line":169,"column":24},"end":{"line":169,"column":54}},"75":{"start":{"line":170,"column":4},"end":{"line":176,"column":5}},"76":{"start":{"line":173,"column":8},"end":{"line":173,"column":33}},"77":{"start":{"line":181,"column":15},"end":{"line":181,"column":17}},"78":{"start":{"line":182,"column":4},"end":{"line":182,"column":59}},"79":{"start":{"line":182,"column":30},"end":{"line":182,"column":56}},"80":{"start":{"line":183,"column":4},"end":{"line":183,"column":68}},"81":{"start":{"line":183,"column":32},"end":{"line":183,"column":68}},"82":{"start":{"line":183,"column":55},"end":{"line":183,"column":68}},"83":{"start":{"line":184,"column":4},"end":{"line":184,"column":16}}},"fnMap":{"0":{"name":"(anonymous_0)","decl":{"start":{"line":9,"column":34},"end":{"line":9,"column":35}},"loc":{"start":{"line":9,"column":43},"end":{"line":9,"column":52}},"line":9},"1":{"name":"(anonymous_1)","decl":{"start":{"line":11,"column":27},"end":{"line":11,"column":28}},"loc":{"start":{"line":11,"column":36},"end":{"line":19,"column":1}},"line":11},"2":{"name":"(anonymous_2)","decl":{"start":{"line":21,"column":24},"end":{"line":21,"column":25}},"loc":{"start":{"line":21,"column":33},"end":{"line":26,"column":1}},"line":21},"3":{"name":"(anonymous_3)","decl":{"start":{"line":25,"column":30},"end":{"line":25,"column":31}},"loc":{"start":{"line":25,"column":35},"end":{"line":25,"column":50}},"line":25},"4":{"name":"(anonymous_4)","decl":{"start":{"line":37,"column":2},"end":{"line":37,"column":3}},"loc":{"start":{"line":37,"column":27},"end":{"line":55,"column":3}},"line":37},"5":{"name":"(anonymous_5)","decl":{"start":{"line":54,"column":11},"end":{"line":54,"column":12}},"loc":{"start":{"line":54,"column":21},"end":{"line":54,"column":74}},"line":54},"6":{"name":"(anonymous_6)","decl":{"start":{"line":54,"column":65},"end":{"line":54,"column":66}},"loc":{"start":{"line":54,"column":71},"end":{"line":54,"column":73}},"line":54},"7":{"name":"(anonymous_7)","decl":{"start":{"line":62,"column":15},"end":{"line":62,"column":16}},"loc":{"start":{"line":62,"column":21},"end":{"line":66,"column":3}},"line":62},"8":{"name":"(anonymous_8)","decl":{"start":{"line":69,"column":16},"end":{"line":69,"column":17}},"loc":{"start":{"line":69,"column":26},"end":{"line":72,"column":3}},"line":69},"9":{"name":"(anonymous_9)","decl":{"start":{"line":74,"column":15},"end":{"line":74,"column":16}},"loc":{"start":{"line":74,"column":25},"end":{"line":74,"column":54}},"line":74},"10":{"name":"(anonymous_10)","decl":{"start":{"line":75,"column":16},"end":{"line":75,"column":17}},"loc":{"start":{"line":75,"column":35},"end":{"line":91,"column":3}},"line":75},"11":{"name":"(anonymous_11)","decl":{"start":{"line":94,"column":18},"end":{"line":94,"column":19}},"loc":{"start":{"line":94,"column":37},"end":{"line":110,"column":3}},"line":94},"12":{"name":"(anonymous_12)","decl":{"start":{"line":101,"column":48},"end":{"line":101,"column":49}},"loc":{"start":{"line":101,"column":53},"end":{"line":101,"column":64}},"line":101},"13":{"name":"(anonymous_13)","decl":{"start":{"line":112,"column":17},"end":{"line":112,"column":18}},"loc":{"start":{"line":112,"column":26},"end":{"line":139,"column":3}},"line":112},"14":{"name":"(anonymous_14)","decl":{"start":{"line":145,"column":18},"end":{"line":145,"column":19}},"loc":{"start":{"line":145,"column":27},"end":{"line":155,"column":3}},"line":145},"15":{"name":"(anonymous_15)","decl":{"start":{"line":157,"column":16},"end":{"line":157,"column":17}},"loc":{"start":{"line":157,"column":25},"end":{"line":166,"column":3}},"line":157},"16":{"name":"(anonymous_16)","decl":{"start":{"line":168,"column":34},"end":{"line":168,"column":35}},"loc":{"start":{"line":168,"column":43},"end":{"line":177,"column":3}},"line":168},"17":{"name":"(anonymous_17)","decl":{"start":{"line":180,"column":24},"end":{"line":180,"column":25}},"loc":{"start":{"line":180,"column":30},"end":{"line":185,"column":3}},"line":180},"18":{"name":"(anonymous_18)","decl":{"start":{"line":182,"column":24},"end":{"line":182,"column":25}},"loc":{"start":{"line":182,"column":30},"end":{"line":182,"column":56}},"line":182}},"branchMap":{"0":{"loc":{"start":{"line":16,"column":2},"end":{"line":16,"column":46}},"type":"if","locations":[{"start":{"line":16,"column":2},"end":{"line":16,"column":46}},{"start":{"line":16,"column":2},"end":{"line":16,"column":46}}],"line":16},"1":{"loc":{"start":{"line":16,"column":6},"end":{"line":16,"column":31}},"type":"binary-expr","locations":[{"start":{"line":16,"column":6},"end":{"line":16,"column":18}},{"start":{"line":16,"column":22},"end":{"line":16,"column":31}}],"line":16},"2":{"loc":{"start":{"line":17,"column":2},"end":{"line":17,"column":48}},"type":"if","locations":[{"start":{"line":17,"column":2},"end":{"line":17,"column":48}},{"start":{"line":17,"column":2},"end":{"line":17,"column":48}}],"line":17},"3":{"loc":{"start":{"line":17,"column":6},"end":{"line":17,"column":33}},"type":"binary-expr","locations":[{"start":{"line":17,"column":6},"end":{"line":17,"column":19}},{"start":{"line":17,"column":23},"end":{"line":17,"column":33}}],"line":17},"4":{"loc":{"start":{"line":22,"column":2},"end":{"line":23,"column":65}},"type":"if","locations":[{"start":{"line":22,"column":2},"end":{"line":23,"column":65}},{"start":{"line":22,"column":2},"end":{"line":23,"column":65}}],"line":22},"5":{"loc":{"start":{"line":37,"column":14},"end":{"line":37,"column":25}},"type":"default-arg","locations":[{"start":{"line":37,"column":23},"end":{"line":37,"column":25}}],"line":37},"6":{"loc":{"start":{"line":40,"column":4},"end":{"line":43,"column":8}},"type":"if","locations":[{"start":{"line":40,"column":4},"end":{"line":43,"column":8}},{"start":{"line":40,"column":4},"end":{"line":43,"column":8}}],"line":40},"7":{"loc":{"start":{"line":71,"column":11},"end":{"line":71,"column":78}},"type":"binary-expr","locations":[{"start":{"line":71,"column":11},"end":{"line":71,"column":31}},{"start":{"line":71,"column":35},"end":{"line":71,"column":58}},{"start":{"line":71,"column":62},"end":{"line":71,"column":68}},{"start":{"line":71,"column":72},"end":{"line":71,"column":78}}],"line":71},"8":{"loc":{"start":{"line":78,"column":4},"end":{"line":79,"column":60}},"type":"if","locations":[{"start":{"line":78,"column":4},"end":{"line":79,"column":60}},{"start":{"line":78,"column":4},"end":{"line":79,"column":60}}],"line":78},"9":{"loc":{"start":{"line":83,"column":4},"end":{"line":88,"column":5}},"type":"if","locations":[{"start":{"line":83,"column":4},"end":{"line":88,"column":5}},{"start":{"line":83,"column":4},"end":{"line":88,"column":5}}],"line":83},"10":{"loc":{"start":{"line":95,"column":4},"end":{"line":96,"column":60}},"type":"if","locations":[{"start":{"line":95,"column":4},"end":{"line":96,"column":60}},{"start":{"line":95,"column":4},"end":{"line":96,"column":60}}],"line":95},"11":{"loc":{"start":{"line":102,"column":8},"end":{"line":108,"column":9}},"type":"if","locations":[{"start":{"line":102,"column":8},"end":{"line":108,"column":9}},{"start":{"line":102,"column":8},"end":{"line":108,"column":9}}],"line":102},"12":{"loc":{"start":{"line":115,"column":4},"end":{"line":130,"column":5}},"type":"switch","locations":[{"start":{"line":116,"column":6},"end":{"line":118,"column":14}},{"start":{"line":119,"column":6},"end":{"line":121,"column":14}},{"start":{"line":122,"column":6},"end":{"line":124,"column":14}},{"start":{"line":125,"column":6},"end":{"line":127,"column":14}},{"start":{"line":128,"column":6},"end":{"line":129,"column":71}}],"line":115},"13":{"loc":{"start":{"line":132,"column":4},"end":{"line":135,"column":5}},"type":"if","locations":[{"start":{"line":132,"column":4},"end":{"line":135,"column":5}},{"start":{"line":132,"column":4},"end":{"line":135,"column":5}}],"line":132},"14":{"loc":{"start":{"line":150,"column":8},"end":{"line":151,"column":66}},"type":"if","locations":[{"start":{"line":150,"column":8},"end":{"line":151,"column":66}},{"start":{"line":150,"column":8},"end":{"line":151,"column":66}}],"line":150},"15":{"loc":{"start":{"line":159,"column":4},"end":{"line":159,"column":80}},"type":"if","locations":[{"start":{"line":159,"column":4},"end":{"line":159,"column":80}},{"start":{"line":159,"column":4},"end":{"line":159,"column":80}}],"line":159},"16":{"loc":{"start":{"line":170,"column":4},"end":{"line":176,"column":5}},"type":"switch","locations":[{"start":{"line":171,"column":6},"end":{"line":173,"column":33}},{"start":{"line":174,"column":6},"end":{"line":174,"column":14}}],"line":170},"17":{"loc":{"start":{"line":183,"column":32},"end":{"line":183,"column":68}},"type":"if","locations":[{"start":{"line":183,"column":32},"end":{"line":183,"column":68}},{"start":{"line":183,"column":32},"end":{"line":183,"column":68}}],"line":183}},"s":{"0":2,"1":20,"2":2,"3":17,"4":16,"5":16,"6":16,"7":1,"8":15,"9":0,"10":15,"11":2,"12":17,"13":1,"14":15,"15":30,"16":20,"17":20,"18":3,"19":17,"20":15,"21":15,"22":775,"23":71310,"24":0,"25":0,"26":0,"27":336,"28":336,"29":134,"30":134,"31":134,"32":0,"33":134,"34":134,"35":4,"36":4,"37":130,"38":103,"39":6,"40":97,"41":2453,"42":233077,"43":308,"44":233077,"45":97,"46":94,"47":94,"48":99,"49":99,"50":24,"51":24,"52":43,"53":43,"54":14,"55":14,"56":18,"57":18,"58":0,"59":99,"60":4,"61":4,"62":98,"63":138,"64":2781,"65":257086,"66":138,"67":0,"68":37,"69":37,"70":0,"71":37,"72":36,"73":36,"74":181,"75":180,"76":99,"77":2,"78":2,"79":4,"80":2,"81":7,"82":1,"83":1},"f":{"0":20,"1":17,"2":17,"3":30,"4":20,"5":775,"6":71310,"7":0,"8":336,"9":134,"10":134,"11":103,"12":308,"13":99,"14":138,"15":37,"16":181,"17":2,"18":4},"b":{"0":[1,15],"1":[16,15],"2":[0,15],"3":[15,15],"4":[1,15],"5":[1],"6":[3,17],"7":[336,329,325,325],"8":[0,134],"9":[4,130],"10":[6,97],"11":[97,232980],"12":[24,43,14,18,0],"13":[4,94],"14":[138,256948],"15":[0,37],"16":[99,172],"17":[1,6]},"_coverageSchema":"332fd63041d2c1bcb487cc26dd0d5f7d97098a6c","hash":"7abc99e65620f09b7e8afd2ce3786de41347dafc"}
,"/Users/patricklai/work/rover-rover/src/lib/Rover.js": {"path":"/Users/patricklai/work/rover-rover/src/lib/Rover.js","statementMap":{"0":{"start":{"line":23,"column":42},"end":{"line":23,"column":48}},"1":{"start":{"line":24,"column":4},"end":{"line":25,"column":46}},"2":{"start":{"line":25,"column":6},"end":{"line":25,"column":46}},"3":{"start":{"line":26,"column":4},"end":{"line":27,"column":49}},"4":{"start":{"line":27,"column":6},"end":{"line":27,"column":49}},"5":{"start":{"line":30,"column":4},"end":{"line":33,"column":7}},"6":{"start":{"line":31,"column":21},"end":{"line":31,"column":36}},"7":{"start":{"line":32,"column":6},"end":{"line":32,"column":40}},"8":{"start":{"line":35,"column":4},"end":{"line":35,"column":63}},"9":{"start":{"line":38,"column":4},"end":{"line":39,"column":75}},"10":{"start":{"line":39,"column":6},"end":{"line":39,"column":75}},"11":{"start":{"line":47,"column":4},"end":{"line":47,"column":73}},"12":{"start":{"line":52,"column":4},"end":{"line":53,"column":58}},"13":{"start":{"line":53,"column":6},"end":{"line":53,"column":58}},"14":{"start":{"line":54,"column":4},"end":{"line":54,"column":40}},"15":{"start":{"line":59,"column":4},"end":{"line":59,"column":25}},"16":{"start":{"line":64,"column":21},"end":{"line":64,"column":25}},"17":{"start":{"line":65,"column":4},"end":{"line":65,"column":78}},"18":{"start":{"line":65,"column":41},"end":{"line":65,"column":78}},"19":{"start":{"line":66,"column":4},"end":{"line":66,"column":56}},"20":{"start":{"line":66,"column":35},"end":{"line":66,"column":56}},"21":{"start":{"line":67,"column":4},"end":{"line":67,"column":28}},"22":{"start":{"line":68,"column":4},"end":{"line":68,"column":23}},"23":{"start":{"line":73,"column":4},"end":{"line":74,"column":64}},"24":{"start":{"line":74,"column":6},"end":{"line":74,"column":64}},"25":{"start":{"line":75,"column":4},"end":{"line":75,"column":73}},"26":{"start":{"line":75,"column":32},"end":{"line":75,"column":73}},"27":{"start":{"line":75,"column":60},"end":{"line":75,"column":73}},"28":{"start":{"line":76,"column":4},"end":{"line":76,"column":16}},"29":{"start":{"line":80,"column":4},"end":{"line":81,"column":80}},"30":{"start":{"line":81,"column":6},"end":{"line":81,"column":80}},"31":{"start":{"line":82,"column":4},"end":{"line":82,"column":77}},"32":{"start":{"line":82,"column":30},"end":{"line":82,"column":77}},"33":{"start":{"line":83,"column":4},"end":{"line":84,"column":71}},"34":{"start":{"line":84,"column":6},"end":{"line":84,"column":71}},"35":{"start":{"line":87,"column":24},"end":{"line":87,"column":49}},"36":{"start":{"line":90,"column":18},"end":{"line":90,"column":49}},"37":{"start":{"line":93,"column":4},"end":{"line":109,"column":5}},"38":{"start":{"line":96,"column":8},"end":{"line":97,"column":68}},"39":{"start":{"line":98,"column":8},"end":{"line":98,"column":14}},"40":{"start":{"line":101,"column":8},"end":{"line":102,"column":68}},"41":{"start":{"line":103,"column":8},"end":{"line":103,"column":14}},"42":{"start":{"line":106,"column":8},"end":{"line":106,"column":14}},"43":{"start":{"line":108,"column":8},"end":{"line":108,"column":65}},"44":{"start":{"line":112,"column":4},"end":{"line":112,"column":51}},"45":{"start":{"line":112,"column":22},"end":{"line":112,"column":51}},"46":{"start":{"line":114,"column":4},"end":{"line":114,"column":23}}},"fnMap":{"0":{"name":"(anonymous_0)","decl":{"start":{"line":22,"column":2},"end":{"line":22,"column":3}},"loc":{"start":{"line":22,"column":27},"end":{"line":40,"column":3}},"line":22},"1":{"name":"(anonymous_1)","decl":{"start":{"line":30,"column":50},"end":{"line":30,"column":51}},"loc":{"start":{"line":30,"column":55},"end":{"line":33,"column":5}},"line":30},"2":{"name":"(anonymous_2)","decl":{"start":{"line":46,"column":16},"end":{"line":46,"column":17}},"loc":{"start":{"line":47,"column":4},"end":{"line":47,"column":73}},"line":47},"3":{"name":"(anonymous_3)","decl":{"start":{"line":51,"column":9},"end":{"line":51,"column":10}},"loc":{"start":{"line":51,"column":15},"end":{"line":55,"column":3}},"line":51},"4":{"name":"(anonymous_4)","decl":{"start":{"line":58,"column":12},"end":{"line":58,"column":13}},"loc":{"start":{"line":58,"column":18},"end":{"line":60,"column":3}},"line":58},"5":{"name":"(anonymous_5)","decl":{"start":{"line":63,"column":14},"end":{"line":63,"column":15}},"loc":{"start":{"line":63,"column":27},"end":{"line":69,"column":3}},"line":63},"6":{"name":"(anonymous_6)","decl":{"start":{"line":72,"column":12},"end":{"line":72,"column":13}},"loc":{"start":{"line":72,"column":26},"end":{"line":77,"column":3}},"line":72},"7":{"name":"(anonymous_7)","decl":{"start":{"line":79,"column":27},"end":{"line":79,"column":28}},"loc":{"start":{"line":79,"column":33},"end":{"line":115,"column":3}},"line":79}},"branchMap":{"0":{"loc":{"start":{"line":22,"column":14},"end":{"line":22,"column":25}},"type":"default-arg","locations":[{"start":{"line":22,"column":23},"end":{"line":22,"column":25}}],"line":22},"1":{"loc":{"start":{"line":24,"column":4},"end":{"line":25,"column":46}},"type":"if","locations":[{"start":{"line":24,"column":4},"end":{"line":25,"column":46}},{"start":{"line":24,"column":4},"end":{"line":25,"column":46}}],"line":24},"2":{"loc":{"start":{"line":26,"column":4},"end":{"line":27,"column":49}},"type":"if","locations":[{"start":{"line":26,"column":4},"end":{"line":27,"column":49}},{"start":{"line":26,"column":4},"end":{"line":27,"column":49}}],"line":26},"3":{"loc":{"start":{"line":32,"column":13},"end":{"line":32,"column":39}},"type":"cond-expr","locations":[{"start":{"line":32,"column":29},"end":{"line":32,"column":30}},{"start":{"line":32,"column":33},"end":{"line":32,"column":39}}],"line":32},"4":{"loc":{"start":{"line":35,"column":24},"end":{"line":35,"column":62}},"type":"binary-expr","locations":[{"start":{"line":35,"column":24},"end":{"line":35,"column":36}},{"start":{"line":35,"column":40},"end":{"line":35,"column":62}}],"line":35},"5":{"loc":{"start":{"line":38,"column":4},"end":{"line":39,"column":75}},"type":"if","locations":[{"start":{"line":38,"column":4},"end":{"line":39,"column":75}},{"start":{"line":38,"column":4},"end":{"line":39,"column":75}}],"line":38},"6":{"loc":{"start":{"line":47,"column":4},"end":{"line":47,"column":73}},"type":"binary-expr","locations":[{"start":{"line":47,"column":4},"end":{"line":47,"column":17}},{"start":{"line":47,"column":21},"end":{"line":47,"column":39}},{"start":{"line":47,"column":43},"end":{"line":47,"column":73}}],"line":47},"7":{"loc":{"start":{"line":52,"column":4},"end":{"line":53,"column":58}},"type":"if","locations":[{"start":{"line":52,"column":4},"end":{"line":53,"column":58}},{"start":{"line":52,"column":4},"end":{"line":53,"column":58}}],"line":52},"8":{"loc":{"start":{"line":65,"column":4},"end":{"line":65,"column":78}},"type":"if","locations":[{"start":{"line":65,"column":4},"end":{"line":65,"column":78}},{"start":{"line":65,"column":4},"end":{"line":65,"column":78}}],"line":65},"9":{"loc":{"start":{"line":66,"column":4},"end":{"line":66,"column":56}},"type":"if","locations":[{"start":{"line":66,"column":4},"end":{"line":66,"column":56}},{"start":{"line":66,"column":4},"end":{"line":66,"column":56}}],"line":66},"10":{"loc":{"start":{"line":73,"column":4},"end":{"line":74,"column":64}},"type":"if","locations":[{"start":{"line":73,"column":4},"end":{"line":74,"column":64}},{"start":{"line":73,"column":4},"end":{"line":74,"column":64}}],"line":73},"11":{"loc":{"start":{"line":75,"column":32},"end":{"line":75,"column":73}},"type":"if","locations":[{"start":{"line":75,"column":32},"end":{"line":75,"column":73}},{"start":{"line":75,"column":32},"end":{"line":75,"column":73}}],"line":75},"12":{"loc":{"start":{"line":80,"column":4},"end":{"line":81,"column":80}},"type":"if","locations":[{"start":{"line":80,"column":4},"end":{"line":81,"column":80}},{"start":{"line":80,"column":4},"end":{"line":81,"column":80}}],"line":80},"13":{"loc":{"start":{"line":82,"column":4},"end":{"line":82,"column":77}},"type":"if","locations":[{"start":{"line":82,"column":4},"end":{"line":82,"column":77}},{"start":{"line":82,"column":4},"end":{"line":82,"column":77}}],"line":82},"14":{"loc":{"start":{"line":83,"column":4},"end":{"line":84,"column":71}},"type":"if","locations":[{"start":{"line":83,"column":4},"end":{"line":84,"column":71}},{"start":{"line":83,"column":4},"end":{"line":84,"column":71}}],"line":83},"15":{"loc":{"start":{"line":93,"column":4},"end":{"line":109,"column":5}},"type":"switch","locations":[{"start":{"line":94,"column":6},"end":{"line":98,"column":14}},{"start":{"line":99,"column":6},"end":{"line":103,"column":14}},{"start":{"line":104,"column":6},"end":{"line":106,"column":14}},{"start":{"line":107,"column":6},"end":{"line":108,"column":65}}],"line":93},"16":{"loc":{"start":{"line":97,"column":21},"end":{"line":97,"column":66}},"type":"cond-expr","locations":[{"start":{"line":97,"column":33},"end":{"line":97,"column":42}},{"start":{"line":97,"column":45},"end":{"line":97,"column":66}}],"line":97},"17":{"loc":{"start":{"line":102,"column":21},"end":{"line":102,"column":66}},"type":"cond-expr","locations":[{"start":{"line":102,"column":53},"end":{"line":102,"column":62}},{"start":{"line":102,"column":65},"end":{"line":102,"column":66}}],"line":102},"18":{"loc":{"start":{"line":112,"column":4},"end":{"line":112,"column":51}},"type":"if","locations":[{"start":{"line":112,"column":4},"end":{"line":112,"column":51}},{"start":{"line":112,"column":4},"end":{"line":112,"column":51}}],"line":112}},"s":{"0":48,"1":48,"2":2,"3":46,"4":19,"5":46,"6":138,"7":138,"8":46,"9":46,"10":0,"11":377,"12":43,"13":1,"14":42,"15":16,"16":131,"17":131,"18":0,"19":131,"20":75,"21":131,"22":131,"23":4,"24":0,"25":4,"26":4,"27":0,"28":4,"29":190,"30":1,"31":189,"32":0,"33":189,"34":0,"35":189,"36":189,"37":189,"38":43,"39":43,"40":46,"41":46,"42":100,"43":0,"44":189,"45":89,"46":189},"f":{"0":48,"1":138,"2":377,"3":43,"4":16,"5":131,"6":4,"7":190},"b":{"0":[1],"1":[2,46],"2":[19,27],"3":[46,92],"4":[46,27],"5":[0,46],"6":[377,370,370],"7":[1,42],"8":[0,131],"9":[75,56],"10":[0,4],"11":[0,4],"12":[1,189],"13":[0,189],"14":[0,189],"15":[43,46,100,0],"16":[33,10],"17":[37,9],"18":[89,100]},"_coverageSchema":"332fd63041d2c1bcb487cc26dd0d5f7d97098a6c","hash":"d0e5df71adcf9344a57873cb75b477cacabc1ae3"}
,"/Users/patricklai/work/rover-rover/src/lib/instructions.js": {"path":"/Users/patricklai/work/rover-rover/src/lib/instructions.js","statementMap":{"0":{"start":{"line":6,"column":26},"end":{"line":6,"column":46}},"1":{"start":{"line":7,"column":28},"end":{"line":7,"column":43}},"2":{"start":{"line":10,"column":34},"end":{"line":20,"column":1}},"3":{"start":{"line":11,"column":2},"end":{"line":11,"column":46}},"4":{"start":{"line":11,"column":33},"end":{"line":11,"column":46}},"5":{"start":{"line":13,"column":22},"end":{"line":13,"column":38}},"6":{"start":{"line":14,"column":12},"end":{"line":14,"column":40}},"7":{"start":{"line":15,"column":12},"end":{"line":15,"column":40}},"8":{"start":{"line":16,"column":2},"end":{"line":16,"column":38}},"9":{"start":{"line":16,"column":25},"end":{"line":16,"column":38}},"10":{"start":{"line":17,"column":2},"end":{"line":17,"column":38}},"11":{"start":{"line":17,"column":25},"end":{"line":17,"column":38}},"12":{"start":{"line":18,"column":2},"end":{"line":18,"column":57}},"13":{"start":{"line":18,"column":44},"end":{"line":18,"column":57}},"14":{"start":{"line":19,"column":2},"end":{"line":19,"column":14}},"15":{"start":{"line":23,"column":35},"end":{"line":28,"column":1}},"16":{"start":{"line":24,"column":2},"end":{"line":24,"column":53}},"17":{"start":{"line":24,"column":40},"end":{"line":24,"column":53}},"18":{"start":{"line":25,"column":24},"end":{"line":25,"column":46}},"19":{"start":{"line":26,"column":2},"end":{"line":26,"column":77}},"20":{"start":{"line":26,"column":33},"end":{"line":26,"column":77}},"21":{"start":{"line":26,"column":64},"end":{"line":26,"column":77}},"22":{"start":{"line":27,"column":2},"end":{"line":27,"column":14}}},"fnMap":{"0":{"name":"(anonymous_0)","decl":{"start":{"line":10,"column":34},"end":{"line":10,"column":35}},"loc":{"start":{"line":10,"column":43},"end":{"line":20,"column":1}},"line":10},"1":{"name":"(anonymous_1)","decl":{"start":{"line":23,"column":35},"end":{"line":23,"column":36}},"loc":{"start":{"line":23,"column":51},"end":{"line":28,"column":1}},"line":23}},"branchMap":{"0":{"loc":{"start":{"line":11,"column":2},"end":{"line":11,"column":46}},"type":"if","locations":[{"start":{"line":11,"column":2},"end":{"line":11,"column":46}},{"start":{"line":11,"column":2},"end":{"line":11,"column":46}}],"line":11},"1":{"loc":{"start":{"line":16,"column":2},"end":{"line":16,"column":38}},"type":"if","locations":[{"start":{"line":16,"column":2},"end":{"line":16,"column":38}},{"start":{"line":16,"column":2},"end":{"line":16,"column":38}}],"line":16},"2":{"loc":{"start":{"line":16,"column":6},"end":{"line":16,"column":23}},"type":"binary-expr","locations":[{"start":{"line":16,"column":6},"end":{"line":16,"column":14}},{"start":{"line":16,"column":18},"end":{"line":16,"column":23}}],"line":16},"3":{"loc":{"start":{"line":17,"column":2},"end":{"line":17,"column":38}},"type":"if","locations":[{"start":{"line":17,"column":2},"end":{"line":17,"column":38}},{"start":{"line":17,"column":2},"end":{"line":17,"column":38}}],"line":17},"4":{"loc":{"start":{"line":17,"column":6},"end":{"line":17,"column":23}},"type":"binary-expr","locations":[{"start":{"line":17,"column":6},"end":{"line":17,"column":14}},{"start":{"line":17,"column":18},"end":{"line":17,"column":23}}],"line":17},"5":{"loc":{"start":{"line":18,"column":2},"end":{"line":18,"column":57}},"type":"if","locations":[{"start":{"line":18,"column":2},"end":{"line":18,"column":57}},{"start":{"line":18,"column":2},"end":{"line":18,"column":57}}],"line":18},"6":{"loc":{"start":{"line":24,"column":2},"end":{"line":24,"column":53}},"type":"if","locations":[{"start":{"line":24,"column":2},"end":{"line":24,"column":53}},{"start":{"line":24,"column":2},"end":{"line":24,"column":53}}],"line":24},"7":{"loc":{"start":{"line":26,"column":33},"end":{"line":26,"column":77}},"type":"if","locations":[{"start":{"line":26,"column":33},"end":{"line":26,"column":77}},{"start":{"line":26,"column":33},"end":{"line":26,"column":77}}],"line":26}},"s":{"0":4,"1":4,"2":4,"3":83,"4":3,"5":80,"6":80,"7":80,"8":80,"9":3,"10":77,"11":4,"12":73,"13":1,"14":72,"15":4,"16":79,"17":21,"18":58,"19":58,"20":527,"21":5,"22":53},"f":{"0":83,"1":79},"b":{"0":[3,80],"1":[3,77],"2":[80,78],"3":[4,73],"4":[77,74],"5":[1,72],"6":[21,58],"7":[5,522]},"_coverageSchema":"332fd63041d2c1bcb487cc26dd0d5f7d97098a6c","hash":"70ccafb1dde22ef97c2cda816a24161961ad6f9d"}
}
