TN:
SF:/Users/patricklai/work/rover-rover/src/main.js
FN:16,(anonymous_0)
FN:19,(anonymous_1)
FN:40,(anonymous_2)
FN:44,(anonymous_3)
FNF:4
FNH:4
FNDA:1,(anonymous_0)
FNDA:6,(anonymous_1)
FNDA:2,(anonymous_2)
FNDA:2,(anonymous_3)
DA:5,1
DA:10,1
DA:11,1
DA:12,1
DA:13,1
DA:14,0
DA:16,1
DA:17,1
DA:19,6
DA:22,1
DA:25,1
DA:26,2
DA:27,2
DA:29,2
DA:30,0
DA:32,2
DA:33,0
DA:35,2
DA:36,2
DA:40,1
DA:41,19
DA:44,2
DA:45,1
LF:23
LH:20
BRDA:13,0,0,0
BRDA:13,0,1,1
BRDA:19,1,0,6
BRDA:19,1,1,5
BRDA:29,2,0,0
BRDA:29,2,1,2
BRDA:32,3,0,0
BRDA:32,3,1,2
BRF:8
BRH:5
end_of_record
TN:
SF:/Users/patricklai/work/rover-rover/src/lib/Plateau.js
FN:12,(anonymous_0)
FN:14,(anonymous_1)
FN:26,(anonymous_2)
FN:30,(anonymous_3)
FN:42,(anonymous_4)
FN:60,(anonymous_5)
FN:60,(anonymous_6)
FN:68,(anonymous_7)
FN:75,(anonymous_8)
FN:80,(anonymous_9)
FN:81,(anonymous_10)
FN:100,(anonymous_11)
FN:107,(anonymous_12)
FN:118,(anonymous_13)
FN:130,(anonymous_14)
FN:163,(anonymous_15)
FN:177,(anonymous_16)
FNF:17
FNH:16
FNDA:16,(anonymous_0)
FNDA:13,(anonymous_1)
FNDA:13,(anonymous_2)
FNDA:22,(anonymous_3)
FNDA:16,(anonymous_4)
FNDA:658,(anonymous_5)
FNDA:61021,(anonymous_6)
FNDA:0,(anonymous_7)
FNDA:74,(anonymous_8)
FNDA:37,(anonymous_9)
FNDA:37,(anonymous_10)
FNDA:21,(anonymous_11)
FNDA:25,(anonymous_12)
FNDA:38,(anonymous_13)
FNDA:16,(anonymous_14)
FNDA:18,(anonymous_15)
FNDA:32,(anonymous_16)
DA:12,16
DA:14,2
DA:16,13
DA:18,12
DA:19,12
DA:21,12
DA:22,11
DA:23,11
DA:26,2
DA:27,13
DA:28,1
DA:30,22
DA:43,16
DA:45,16
DA:46,3
DA:51,13
DA:53,11
DA:58,11
DA:60,61021
DA:69,0
DA:70,0
DA:71,0
DA:76,74
DA:77,74
DA:80,37
DA:82,37
DA:84,37
DA:85,0
DA:87,37
DA:89,37
DA:90,2
DA:91,2
DA:96,35
DA:101,21
DA:102,2
DA:105,19
DA:106,60
DA:107,307
DA:108,307
DA:110,19
DA:112,18
DA:113,18
DA:121,38
DA:122,103
DA:123,496
DA:124,38
DA:127,0
DA:131,16
DA:133,16
DA:135,5
DA:136,5
DA:138,4
DA:139,4
DA:141,4
DA:142,4
DA:144,3
DA:145,3
DA:147,0
DA:150,16
DA:151,0
DA:152,0
DA:156,16
DA:164,18
DA:165,18
DA:168,18
DA:171,17
DA:174,17
DA:178,32
DA:179,31
DA:182,16
LF:70
LH:62
BRDA:21,0,0,1
BRDA:21,0,1,11
BRDA:21,1,0,12
BRDA:21,1,1,11
BRDA:22,2,0,0
BRDA:22,2,1,11
BRDA:22,3,0,11
BRDA:22,3,1,11
BRDA:27,4,0,1
BRDA:27,4,1,11
BRDA:42,5,0,1
BRDA:45,6,0,3
BRDA:45,6,1,13
BRDA:77,7,0,74
BRDA:77,7,1,73
BRDA:77,7,2,72
BRDA:77,7,3,72
BRDA:84,8,0,0
BRDA:84,8,1,37
BRDA:89,9,0,2
BRDA:89,9,1,35
BRDA:101,10,0,2
BRDA:101,10,1,19
BRDA:108,11,0,19
BRDA:108,11,1,288
BRDA:123,12,0,38
BRDA:123,12,1,458
BRDA:133,13,0,5
BRDA:133,13,1,4
BRDA:133,13,2,4
BRDA:133,13,3,3
BRDA:133,13,4,0
BRDA:150,14,0,0
BRDA:150,14,1,16
BRDA:165,15,0,0
BRDA:165,15,1,18
BRDA:179,16,0,16
BRDA:179,16,1,30
BRF:38
BRH:33
end_of_record
TN:
SF:/Users/patricklai/work/rover-rover/src/lib/Rover.js
FN:22,(anonymous_0)
FN:30,(anonymous_1)
FN:46,(anonymous_2)
FN:51,(anonymous_3)
FN:58,(anonymous_4)
FN:63,(anonymous_5)
FN:72,(anonymous_6)
FN:79,(anonymous_7)
FNF:8
FNH:8
FNDA:29,(anonymous_0)
FNDA:81,(anonymous_1)
FNDA:61,(anonymous_2)
FNDA:24,(anonymous_3)
FNDA:3,(anonymous_4)
FNDA:46,(anonymous_5)
FNDA:4,(anonymous_6)
FNDA:41,(anonymous_7)
DA:23,29
DA:24,29
DA:25,2
DA:26,27
DA:27,19
DA:30,27
DA:31,81
DA:32,81
DA:35,27
DA:38,27
DA:39,0
DA:47,61
DA:52,24
DA:53,1
DA:54,23
DA:59,3
DA:64,46
DA:65,46
DA:66,46
DA:67,46
DA:68,46
DA:73,4
DA:74,0
DA:75,4
DA:76,4
DA:80,41
DA:81,1
DA:82,40
DA:83,40
DA:84,0
DA:87,40
DA:90,40
DA:93,40
DA:96,13
DA:98,13
DA:101,10
DA:103,10
DA:106,17
DA:108,0
DA:112,40
DA:114,40
LF:41
LH:37
BRDA:22,0,0,1
BRDA:24,1,0,2
BRDA:24,1,1,27
BRDA:26,2,0,19
BRDA:26,2,1,8
BRDA:32,3,0,27
BRDA:32,3,1,54
BRDA:35,4,0,27
BRDA:35,4,1,8
BRDA:38,5,0,0
BRDA:38,5,1,27
BRDA:47,6,0,61
BRDA:47,6,1,61
BRDA:47,6,2,61
BRDA:52,7,0,1
BRDA:52,7,1,23
BRDA:65,8,0,0
BRDA:65,8,1,46
BRDA:66,9,0,35
BRDA:66,9,1,11
BRDA:73,10,0,0
BRDA:73,10,1,4
BRDA:75,11,0,0
BRDA:75,11,1,4
BRDA:80,12,0,1
BRDA:80,12,1,40
BRDA:82,13,0,0
BRDA:82,13,1,40
BRDA:83,14,0,0
BRDA:83,14,1,40
BRDA:93,15,0,13
BRDA:93,15,1,10
BRDA:93,15,2,17
BRDA:93,15,3,0
BRDA:97,16,0,9
BRDA:97,16,1,4
BRDA:102,17,0,7
BRDA:102,17,1,3
BRDA:112,18,0,23
BRDA:112,18,1,17
BRF:40
BRH:33
end_of_record
TN:
SF:/Users/patricklai/work/rover-rover/src/lib/instructions.js
FN:10,(anonymous_0)
FN:23,(anonymous_1)
FNF:2
FNH:2
FNDA:47,(anonymous_0)
FNDA:43,(anonymous_1)
DA:6,4
DA:7,4
DA:10,4
DA:11,47
DA:13,44
DA:14,44
DA:15,44
DA:16,44
DA:17,41
DA:18,37
DA:19,36
DA:23,4
DA:24,43
DA:25,22
DA:26,124
DA:27,17
LF:16
LH:16
BRDA:11,0,0,3
BRDA:11,0,1,44
BRDA:16,1,0,3
BRDA:16,1,1,41
BRDA:16,2,0,44
BRDA:16,2,1,42
BRDA:17,3,0,4
BRDA:17,3,1,37
BRDA:17,4,0,41
BRDA:17,4,1,38
BRDA:18,5,0,1
BRDA:18,5,1,36
BRDA:24,6,0,21
BRDA:24,6,1,22
BRDA:26,7,0,5
BRDA:26,7,1,119
BRF:16
BRH:16
end_of_record
