TN:
SF:/Users/patricklai/work/rover-rover/src/main.js
FN:18,(anonymous_0)
FN:21,(anonymous_1)
FN:42,(anonymous_2)
FN:46,(anonymous_3)
FN:47,(anonymous_4)
FNF:5
FNH:5
FNDA:2,(anonymous_0)
FNDA:20,(anonymous_1)
FNDA:8,(anonymous_2)
FNDA:8,(anonymous_3)
FNDA:8,(anonymous_4)
DA:5,1
DA:10,1
DA:11,1
DA:12,1
DA:15,1
DA:16,0
DA:18,1
DA:19,2
DA:21,20
DA:24,2
DA:27,2
DA:28,8
DA:29,8
DA:31,8
DA:32,0
DA:34,8
DA:35,0
DA:37,8
DA:38,8
DA:42,2
DA:43,138
DA:46,8
DA:47,8
LF:23
LH:20
BRDA:15,0,0,0
BRDA:15,0,1,1
BRDA:21,1,0,20
BRDA:21,1,1,18
BRDA:31,2,0,0
BRDA:31,2,1,8
BRDA:34,3,0,0
BRDA:34,3,1,8
BRF:8
BRH:5
end_of_record
TN:
SF:/Users/patricklai/work/rover-rover/src/lib/Plateau.js
FN:9,(anonymous_0)
FN:11,(anonymous_1)
FN:21,(anonymous_2)
FN:25,(anonymous_3)
FN:37,(anonymous_4)
FN:54,(anonymous_5)
FN:54,(anonymous_6)
FN:62,(anonymous_7)
FN:69,(anonymous_8)
FN:74,(anonymous_9)
FN:75,(anonymous_10)
FN:94,(anonymous_11)
FN:101,(anonymous_12)
FN:112,(anonymous_13)
FN:145,(anonymous_14)
FN:157,(anonymous_15)
FN:168,(anonymous_16)
FN:180,(anonymous_17)
FN:182,(anonymous_18)
FNF:19
FNH:18
FNDA:18,(anonymous_0)
FNDA:15,(anonymous_1)
FNDA:15,(anonymous_2)
FNDA:26,(anonymous_3)
FNDA:18,(anonymous_4)
FNDA:765,(anonymous_5)
FNDA:71258,(anonymous_6)
FNDA:0,(anonymous_7)
FNDA:259,(anonymous_8)
FNDA:104,(anonymous_9)
FNDA:104,(anonymous_10)
FNDA:80,(anonymous_11)
FNDA:242,(anonymous_12)
FNDA:75,(anonymous_13)
FNDA:103,(anonymous_14)
FNDA:26,(anonymous_15)
FNDA:155,(anonymous_16)
FNDA:2,(anonymous_17)
FNDA:4,(anonymous_18)
DA:9,18
DA:11,2
DA:13,15
DA:14,14
DA:15,14
DA:16,14
DA:17,13
DA:18,13
DA:21,2
DA:22,15
DA:23,1
DA:25,26
DA:38,18
DA:40,18
DA:41,3
DA:46,15
DA:47,13
DA:52,13
DA:54,71258
DA:63,0
DA:64,0
DA:65,0
DA:70,259
DA:71,259
DA:74,104
DA:76,104
DA:78,104
DA:79,0
DA:81,104
DA:83,104
DA:84,2
DA:85,2
DA:90,102
DA:95,80
DA:96,2
DA:99,78
DA:100,2403
DA:101,232859
DA:102,232859
DA:104,78
DA:106,77
DA:107,77
DA:113,75
DA:115,75
DA:117,14
DA:118,14
DA:120,32
DA:121,32
DA:123,14
DA:124,14
DA:126,15
DA:127,15
DA:129,0
DA:132,75
DA:133,0
DA:134,0
DA:138,75
DA:148,103
DA:149,2684
DA:150,256657
DA:151,103
DA:154,0
DA:158,26
DA:159,26
DA:161,26
DA:163,25
DA:165,25
DA:169,155
DA:170,154
DA:173,75
DA:181,2
DA:182,4
DA:183,7
DA:184,1
LF:74
LH:66
BRDA:16,0,0,1
BRDA:16,0,1,13
BRDA:16,1,0,14
BRDA:16,1,1,13
BRDA:17,2,0,0
BRDA:17,2,1,13
BRDA:17,3,0,13
BRDA:17,3,1,13
BRDA:22,4,0,1
BRDA:22,4,1,13
BRDA:37,5,0,1
BRDA:40,6,0,3
BRDA:40,6,1,15
BRDA:71,7,0,259
BRDA:71,7,1,258
BRDA:71,7,2,257
BRDA:71,7,3,257
BRDA:78,8,0,0
BRDA:78,8,1,104
BRDA:83,9,0,2
BRDA:83,9,1,102
BRDA:95,10,0,2
BRDA:95,10,1,78
BRDA:102,11,0,78
BRDA:102,11,1,232781
BRDA:115,12,0,14
BRDA:115,12,1,32
BRDA:115,12,2,14
BRDA:115,12,3,15
BRDA:115,12,4,0
BRDA:132,13,0,0
BRDA:132,13,1,75
BRDA:150,14,0,103
BRDA:150,14,1,256554
BRDA:159,15,0,0
BRDA:159,15,1,26
BRDA:170,16,0,75
BRDA:170,16,1,153
BRDA:183,17,0,1
BRDA:183,17,1,6
BRF:40
BRH:35
end_of_record
TN:
SF:/Users/patricklai/work/rover-rover/src/lib/Rover.js
FN:22,(anonymous_0)
FN:30,(anonymous_1)
FN:46,(anonymous_2)
FN:51,(anonymous_3)
FN:58,(anonymous_4)
FN:63,(anonymous_5)
FN:72,(anonymous_6)
FN:79,(anonymous_7)
FNF:8
FNH:8
FNDA:37,(anonymous_0)
FNDA:105,(anonymous_1)
FNDA:314,(anonymous_2)
FNDA:32,(anonymous_3)
FNDA:3,(anonymous_4)
FNDA:118,(anonymous_5)
FNDA:4,(anonymous_6)
FNDA:164,(anonymous_7)
DA:23,37
DA:24,37
DA:25,2
DA:26,35
DA:27,19
DA:30,35
DA:31,105
DA:32,105
DA:35,35
DA:38,35
DA:39,0
DA:47,314
DA:52,32
DA:53,1
DA:54,31
DA:59,3
DA:64,118
DA:65,118
DA:66,118
DA:67,118
DA:68,118
DA:73,4
DA:74,0
DA:75,4
DA:76,4
DA:80,164
DA:81,1
DA:82,163
DA:83,163
DA:84,0
DA:87,163
DA:90,163
DA:93,163
DA:96,41
DA:98,41
DA:101,46
DA:103,46
DA:106,76
DA:108,0
DA:112,163
DA:114,163
LF:41
LH:37
BRDA:22,0,0,1
BRDA:24,1,0,2
BRDA:24,1,1,35
BRDA:26,2,0,19
BRDA:26,2,1,16
BRDA:32,3,0,35
BRDA:32,3,1,70
BRDA:35,4,0,35
BRDA:35,4,1,16
BRDA:38,5,0,0
BRDA:38,5,1,35
BRDA:47,6,0,314
BRDA:47,6,1,314
BRDA:47,6,2,314
BRDA:52,7,0,1
BRDA:52,7,1,31
BRDA:65,8,0,0
BRDA:65,8,1,118
BRDA:66,9,0,62
BRDA:66,9,1,56
BRDA:73,10,0,0
BRDA:73,10,1,4
BRDA:75,11,0,0
BRDA:75,11,1,4
BRDA:80,12,0,1
BRDA:80,12,1,163
BRDA:82,13,0,0
BRDA:82,13,1,163
BRDA:83,14,0,0
BRDA:83,14,1,163
BRDA:93,15,0,41
BRDA:93,15,1,46
BRDA:93,15,2,76
BRDA:93,15,3,0
BRDA:97,16,0,32
BRDA:97,16,1,9
BRDA:102,17,0,37
BRDA:102,17,1,9
BRDA:112,18,0,87
BRDA:112,18,1,76
BRF:40
BRH:33
end_of_record
TN:
SF:/Users/patricklai/work/rover-rover/src/lib/instructions.js
FN:10,(anonymous_0)
FN:23,(anonymous_1)
FNF:2
FNH:2
FNDA:61,(anonymous_0)
FNDA:57,(anonymous_1)
DA:6,4
DA:7,4
DA:10,4
DA:11,61
DA:13,58
DA:14,58
DA:15,58
DA:16,58
DA:17,55
DA:18,51
DA:19,50
DA:23,4
DA:24,57
DA:25,36
DA:26,367
DA:27,31
LF:16
LH:16
BRDA:11,0,0,3
BRDA:11,0,1,58
BRDA:16,1,0,3
BRDA:16,1,1,55
BRDA:16,2,0,58
BRDA:16,2,1,56
BRDA:17,3,0,4
BRDA:17,3,1,51
BRDA:17,4,0,55
BRDA:17,4,1,52
BRDA:18,5,0,1
BRDA:18,5,1,50
BRDA:24,6,0,21
BRDA:24,6,1,36
BRDA:26,7,0,5
BRDA:26,7,1,362
BRF:16
BRH:16
end_of_record
